SF:lib\widget\height\height_selector_widget.dart
DA:12,1
DA:19,1
DA:20,1
DA:31,1
DA:33,1
DA:34,3
DA:35,2
DA:36,3
DA:38,4
DA:39,2
DA:40,4
DA:41,4
DA:44,1
DA:46,2
DA:47,2
DA:48,2
DA:49,2
DA:50,1
DA:53,1
DA:54,2
DA:55,2
DA:56,4
DA:58,4
DA:59,2
DA:60,4
DA:61,4
DA:65,1
DA:66,2
DA:67,2
DA:68,4
DA:70,4
DA:71,2
DA:72,4
DA:73,4
DA:77,1
DA:80,1
DA:81,1
DA:87,1
DA:93,1
DA:99,1
DA:105,1
DA:111,1
DA:118,1
DA:119,1
DA:121,1
DA:122,1
DA:123,1
DA:125,1
DA:127,1
DA:129,1
DA:130,1
DA:131,1
DA:132,1
DA:135,1
DA:136,1
DA:139,1
DA:140,1
DA:142,1
DA:143,1
DA:152,1
DA:154,1
DA:156,1
DA:158,1
DA:159,1
DA:161,1
DA:162,1
DA:167,1
DA:174,1
DA:175,1
DA:178,1
DA:179,1
DA:180,1
DA:183,1
DA:184,2
DA:185,1
DA:186,4
DA:187,2
DA:188,1
DA:189,1
DA:190,2
DA:196,1
DA:198,1
DA:199,1
DA:201,1
DA:202,1
DA:205,1
DA:212,1
DA:213,1
DA:216,0
DA:218,0
DA:220,0
DA:221,0
DA:223,0
DA:225,0
DA:226,0
DA:227,0
DA:228,0
DA:229,0
DA:230,0
DA:231,0
DA:232,0
DA:238,1
DA:240,1
DA:241,1
DA:244,1
DA:251,1
DA:252,1
DA:255,1
DA:257,3
DA:259,3
DA:260,1
DA:262,1
DA:264,1
DA:265,2
DA:266,1
DA:267,4
DA:268,2
DA:269,1
DA:270,1
DA:271,2
DA:278,1
DA:280,1
DA:281,2
DA:282,1
DA:283,1
DA:284,1
DA:285,2
DA:286,1
DA:292,1
DA:294,1
DA:295,1
DA:296,1
DA:297,1
DA:309,1
DA:310,3
DA:311,1
DA:320,1
DA:321,1
DA:322,1
DA:323,1
DA:329,1
DA:332,1
DA:335,1
DA:336,1
DA:337,1
DA:339,1
DA:340,1
DA:341,1
DA:342,1
DA:343,2
DA:344,1
DA:345,1
DA:346,1
DA:349,1
DA:351,1
DA:352,1
DA:354,1
DA:357,1
DA:366,1
DA:367,1
DA:368,2
DA:369,1
DA:370,1
DA:371,1
DA:374,1
DA:376,1
DA:377,1
DA:379,1
DA:382,1
LF:169
LH:156
end_of_record
SF:lib\utils\height_utils.dart
DA:3,1
DA:4,3
DA:7,0
DA:8,0
DA:9,0
DA:10,0
DA:11,0
DA:15,1
DA:16,1
DA:17,2
DA:18,2
DA:19,1
DA:23,1
DA:24,2
DA:25,1
DA:29,1
DA:31,0
DA:33,1
DA:34,3
DA:39,0
DA:40,0
DA:41,0
LF:22
LH:13
end_of_record
SF:lib\widget\height\height_responsive_devices.dart
DA:14,1
DA:19,2
DA:20,1
DA:21,1
DA:25,1
DA:30,2
DA:31,1
DA:32,1
DA:36,1
DA:41,1
DA:42,1
DA:43,2
DA:44,1
DA:48,1
DA:54,1
DA:55,1
DA:57,1
DA:63,1
DA:69,1
DA:70,3
DA:74,1
DA:80,1
DA:81,3
DA:87,0
DA:88,0
DA:89,0
DA:90,0
LF:27
LH:23
end_of_record
SF:lib\widget\height\height_scale_painter.dart
DA:10,1
DA:18,1
DA:21,1
DA:22,2
DA:23,1
DA:24,1
DA:25,2
DA:26,1
DA:27,1
DA:28,2
DA:29,1
DA:31,1
DA:32,1
DA:34,1
DA:35,1
DA:36,1
DA:37,1
DA:38,1
DA:39,1
DA:42,1
DA:43,1
DA:44,1
DA:45,2
DA:46,2
DA:47,1
DA:49,2
DA:50,5
DA:51,2
DA:53,3
DA:55,1
DA:56,1
DA:57,2
DA:66,1
DA:67,5
DA:69,3
DA:74,2
DA:75,2
DA:77,3
DA:78,2
DA:79,2
DA:81,2
DA:82,5
DA:84,2
DA:85,2
DA:88,3
DA:89,1
DA:90,1
DA:91,1
DA:100,1
DA:101,5
DA:103,3
DA:105,3
DA:112,4
DA:113,4
DA:114,4
DA:116,2
DA:117,2
DA:118,2
DA:119,1
DA:122,1
DA:123,1
DA:124,2
DA:127,1
DA:128,1
DA:129,2
DA:134,1
LF:66
LH:66
end_of_record
