SF:lib\common\app_confirm_dialog.dart
DA:15,3
DA:36,3
DA:38,3
DA:39,3
DA:40,3
DA:42,6
DA:43,6
DA:46,3
DA:47,3
DA:48,1
DA:49,0
DA:50,0
DA:53,3
DA:54,3
DA:56,6
DA:61,3
DA:63,3
DA:64,3
DA:65,3
DA:66,9
DA:67,3
DA:70,3
DA:71,4
DA:73,6
DA:77,3
DA:78,3
DA:79,3
DA:80,6
DA:85,3
DA:88,3
DA:89,3
DA:90,3
DA:91,6
DA:93,3
DA:95,0
DA:99,3
DA:100,3
DA:101,0
DA:102,3
DA:104,3
DA:105,3
DA:109,6
DA:111,9
DA:112,3
DA:120,3
DA:132,3
DA:135,6
LF:47
LH:43
end_of_record
SF:lib\l10n\app_localizations.dart
DA:12,129
DA:16,47
DA:17,47
DA:1078,1
DA:1080,43
DA:1082,86
DA:1085,43
DA:1086,129
DA:1088,2
DA:1092,43
DA:1093,43
DA:1094,79
DA:1095,18
DA:1098,0
LF:14
LH:13
end_of_record
SF:lib\l10n\app_localizations_en.dart
DA:9,72
DA:11,3
DA:14,0
DA:17,0
DA:20,0
DA:23,0
DA:26,0
DA:29,0
DA:32,0
DA:35,0
DA:38,2
DA:41,0
DA:44,0
DA:47,0
DA:49,0
DA:52,2
DA:55,2
DA:58,1
DA:61,1
DA:64,0
DA:67,0
DA:70,0
DA:73,0
DA:76,3
DA:79,1
DA:82,1
DA:85,0
DA:88,0
DA:91,1
DA:93,1
DA:96,0
DA:99,0
DA:102,0
DA:105,1
DA:108,1
DA:111,1
DA:114,2
DA:117,2
DA:120,2
DA:123,2
DA:126,3
DA:129,2
DA:132,2
DA:135,11
DA:138,0
DA:141,0
DA:144,1
DA:147,0
DA:150,1
DA:153,0
DA:156,1
DA:159,0
DA:162,2
DA:165,0
DA:168,3
DA:171,3
DA:174,3
DA:177,3
DA:180,0
DA:183,0
DA:186,0
DA:189,0
DA:192,1
DA:195,0
DA:198,0
DA:201,0
DA:204,0
DA:207,1
DA:210,1
DA:213,0
DA:216,1
DA:219,1
DA:222,0
DA:225,0
DA:228,0
DA:231,1
DA:234,1
DA:237,1
DA:240,0
DA:243,0
DA:246,0
DA:249,0
DA:252,0
DA:255,0
DA:258,0
DA:261,0
DA:264,0
DA:267,0
DA:270,0
DA:273,0
DA:276,0
DA:279,0
DA:282,0
DA:285,1
DA:288,1
DA:291,1
DA:294,1
DA:297,1
DA:300,1
DA:303,1
DA:306,1
DA:309,1
DA:312,0
DA:315,0
DA:318,0
DA:321,2
DA:324,2
DA:327,2
DA:330,2
DA:333,2
DA:336,0
DA:339,1
DA:342,0
DA:345,0
DA:348,0
DA:351,0
DA:354,0
DA:357,1
DA:360,0
DA:363,0
DA:366,0
DA:369,1
DA:372,0
DA:375,0
DA:378,0
DA:381,0
DA:384,4
DA:387,3
DA:390,1
DA:393,3
DA:396,1
DA:399,1
DA:402,2
DA:405,2
DA:408,2
DA:411,2
DA:414,2
DA:417,2
DA:420,3
DA:423,3
DA:426,3
DA:429,3
DA:432,3
DA:435,2
DA:438,2
DA:441,2
DA:444,2
DA:447,1
DA:450,2
DA:453,2
DA:456,3
DA:459,0
DA:462,2
DA:465,1
DA:468,2
DA:471,1
DA:474,2
DA:477,1
DA:480,0
DA:483,0
DA:486,0
DA:489,0
DA:492,0
DA:495,0
DA:498,0
DA:501,1
DA:504,0
DA:507,0
DA:510,1
DA:513,1
DA:516,1
DA:519,1
DA:522,1
DA:525,4
DA:528,4
DA:531,1
DA:534,0
DA:537,1
DA:540,1
DA:543,1
DA:546,1
DA:549,1
DA:552,1
DA:555,1
DA:558,2
DA:561,3
DA:564,2
DA:567,3
DA:570,1
DA:573,2
DA:576,0
DA:579,0
DA:582,0
DA:584,0
DA:587,0
DA:590,0
DA:593,1
DA:596,0
DA:599,1
DA:602,0
DA:605,0
DA:608,0
DA:611,1
DA:614,0
DA:617,0
DA:620,0
DA:623,0
DA:626,0
DA:629,1
DA:632,1
DA:635,0
DA:638,0
DA:641,0
DA:644,1
DA:647,0
DA:650,0
DA:653,0
DA:656,0
DA:659,0
DA:662,1
DA:665,0
DA:668,0
DA:671,0
DA:674,0
DA:677,0
DA:680,1
DA:683,0
DA:685,0
DA:688,0
DA:690,0
DA:693,0
DA:696,0
DA:699,0
DA:701,0
DA:704,0
DA:706,0
DA:709,0
DA:712,0
DA:715,0
DA:718,0
DA:721,0
DA:724,0
DA:727,0
DA:730,0
DA:733,0
DA:736,0
DA:739,0
DA:742,0
DA:745,0
DA:748,0
DA:751,0
DA:754,0
DA:757,0
DA:760,0
DA:763,0
DA:766,0
DA:769,0
DA:772,0
DA:775,0
DA:778,0
DA:781,0
DA:784,0
DA:787,0
DA:790,0
DA:793,0
DA:796,0
DA:799,0
DA:802,0
DA:805,0
DA:808,0
DA:811,0
DA:814,0
DA:817,0
DA:820,0
DA:823,0
DA:826,0
DA:829,0
DA:832,0
DA:835,0
DA:838,0
DA:841,0
DA:844,0
DA:847,0
DA:850,0
DA:853,0
DA:856,0
DA:859,0
DA:862,0
DA:865,0
DA:868,0
DA:871,0
DA:874,0
DA:877,0
DA:880,0
DA:883,0
DA:886,0
DA:889,0
DA:892,0
DA:895,0
DA:898,0
DA:901,0
DA:904,0
DA:907,0
DA:910,0
DA:913,0
DA:916,2
DA:919,0
DA:922,0
DA:925,0
DA:928,0
DA:931,0
DA:934,0
DA:937,0
DA:940,0
DA:943,0
DA:946,0
DA:949,0
DA:952,0
DA:955,0
DA:958,0
DA:961,0
DA:964,0
DA:967,0
DA:970,0
DA:973,0
DA:976,0
DA:979,0
DA:982,0
DA:985,0
DA:988,0
DA:991,0
DA:994,0
DA:997,0
DA:1000,0
DA:1003,0
DA:1006,0
DA:1009,0
DA:1012,0
DA:1015,0
DA:1018,0
DA:1021,0
DA:1024,0
DA:1027,0
DA:1030,0
DA:1033,0
DA:1036,0
DA:1039,0
DA:1042,0
DA:1045,0
DA:1048,0
DA:1051,0
DA:1054,4
DA:1057,3
DA:1060,3
DA:1063,3
DA:1066,3
DA:1069,3
DA:1072,0
DA:1075,1
DA:1078,1
DA:1081,0
DA:1084,1
DA:1087,1
DA:1090,1
DA:1093,0
DA:1096,0
DA:1099,0
DA:1102,0
DA:1105,0
DA:1108,2
DA:1111,2
DA:1114,0
DA:1117,2
DA:1120,2
DA:1123,2
DA:1126,2
DA:1129,1
DA:1132,1
DA:1135,0
DA:1138,0
DA:1141,1
DA:1144,1
DA:1147,1
DA:1150,2
DA:1153,2
DA:1156,2
DA:1159,2
DA:1162,0
DA:1165,0
DA:1168,0
DA:1171,0
DA:1174,0
DA:1177,0
DA:1180,1
DA:1183,1
DA:1186,1
DA:1189,1
DA:1192,2
DA:1195,2
DA:1198,0
DA:1201,0
DA:1204,1
DA:1207,0
DA:1210,0
DA:1213,0
DA:1216,1
DA:1219,1
DA:1222,3
DA:1225,3
DA:1228,0
DA:1231,3
DA:1234,0
DA:1237,0
DA:1240,0
DA:1243,0
DA:1246,3
DA:1249,3
DA:1252,0
DA:1255,0
DA:1258,0
DA:1261,2
DA:1264,2
DA:1267,2
DA:1269,2
DA:1272,2
DA:1275,0
DA:1278,4
DA:1281,1
DA:1284,2
DA:1287,2
DA:1290,0
DA:1293,0
DA:1296,0
DA:1299,0
DA:1302,0
DA:1305,0
DA:1308,0
DA:1311,0
DA:1313,0
DA:1316,0
DA:1319,0
DA:1322,0
DA:1324,0
DA:1327,0
DA:1329,0
DA:1332,0
DA:1335,1
DA:1338,0
DA:1341,0
DA:1344,0
DA:1347,2
DA:1350,2
DA:1353,2
DA:1356,2
DA:1359,2
DA:1362,2
DA:1365,2
DA:1368,2
DA:1371,2
DA:1374,2
DA:1377,2
DA:1380,2
DA:1383,2
DA:1386,2
DA:1389,2
DA:1392,2
DA:1395,2
DA:1398,2
DA:1401,2
DA:1404,2
DA:1407,2
DA:1410,2
DA:1413,2
DA:1416,2
DA:1419,2
DA:1422,2
DA:1425,2
DA:1428,2
DA:1431,2
DA:1434,2
DA:1437,2
DA:1440,2
DA:1443,2
DA:1446,2
DA:1449,2
DA:1452,2
DA:1455,2
DA:1458,2
DA:1461,2
DA:1464,2
DA:1467,2
DA:1470,2
DA:1473,2
DA:1476,2
DA:1479,2
DA:1482,2
DA:1485,1
DA:1488,1
DA:1490,1
DA:1493,0
DA:1495,0
DA:1498,1
DA:1500,1
DA:1503,0
DA:1506,0
DA:1509,1
DA:1511,1
DA:1514,1
DA:1517,1
DA:1520,2
DA:1522,2
DA:1525,2
DA:1528,1
DA:1531,2
DA:1533,2
DA:1536,2
DA:1539,1
DA:1542,1
DA:1544,1
DA:1547,1
DA:1550,1
DA:1553,1
DA:1556,1
DA:1559,1
DA:1562,1
DA:1564,1
DA:1567,1
DA:1570,1
DA:1573,1
DA:1575,1
DA:1578,0
DA:1581,0
DA:1584,0
DA:1587,0
DA:1590,0
DA:1592,0
DA:1595,0
DA:1598,1
DA:1601,1
DA:1604,1
DA:1607,0
DA:1610,1
DA:1612,1
DA:1615,0
DA:1617,0
LF:545
LH:249
end_of_record
SF:lib\l10n\app_localizations_vi.dart
DA:9,18
DA:11,0
DA:14,0
DA:17,0
DA:20,0
DA:23,0
DA:26,0
DA:29,0
DA:32,0
DA:35,0
DA:38,0
DA:41,0
DA:44,0
DA:47,0
DA:49,0
DA:52,0
DA:55,0
DA:58,1
DA:61,0
DA:64,0
DA:67,0
DA:70,0
DA:73,0
DA:76,0
DA:79,0
DA:82,0
DA:85,0
DA:88,0
DA:91,1
DA:93,1
DA:96,0
DA:99,0
DA:102,0
DA:105,0
DA:108,0
DA:111,0
DA:114,0
DA:117,0
DA:120,0
DA:123,0
DA:126,0
DA:129,0
DA:132,0
DA:135,1
DA:138,0
DA:141,0
DA:144,0
DA:147,0
DA:150,0
DA:153,0
DA:156,0
DA:159,0
DA:162,0
DA:165,0
DA:168,0
DA:171,0
DA:174,0
DA:177,0
DA:180,0
DA:183,0
DA:186,0
DA:189,0
DA:192,0
DA:195,0
DA:198,0
DA:201,0
DA:204,0
DA:207,0
DA:210,0
DA:213,0
DA:216,0
DA:219,0
DA:222,0
DA:225,0
DA:228,0
DA:231,0
DA:234,0
DA:237,0
DA:240,0
DA:243,0
DA:246,0
DA:249,0
DA:252,0
DA:255,0
DA:258,0
DA:261,0
DA:264,0
DA:267,0
DA:270,0
DA:273,0
DA:276,0
DA:279,0
DA:282,0
DA:285,0
DA:288,0
DA:291,0
DA:294,0
DA:297,0
DA:300,0
DA:303,0
DA:306,0
DA:309,0
DA:312,0
DA:315,0
DA:318,0
DA:321,0
DA:324,0
DA:327,0
DA:330,0
DA:333,0
DA:336,0
DA:339,0
DA:342,0
DA:345,0
DA:348,0
DA:351,0
DA:354,0
DA:357,0
DA:360,0
DA:363,0
DA:366,0
DA:369,0
DA:372,0
DA:375,0
DA:378,0
DA:381,0
DA:384,1
DA:387,0
DA:390,0
DA:393,0
DA:396,0
DA:399,0
DA:402,0
DA:405,0
DA:408,0
DA:411,0
DA:414,0
DA:417,0
DA:420,0
DA:423,0
DA:426,0
DA:429,0
DA:432,0
DA:435,0
DA:438,0
DA:441,0
DA:444,0
DA:447,0
DA:450,0
DA:453,0
DA:456,0
DA:459,0
DA:462,0
DA:465,0
DA:468,0
DA:471,0
DA:474,0
DA:477,0
DA:480,0
DA:483,0
DA:486,0
DA:489,0
DA:492,0
DA:495,0
DA:498,0
DA:501,0
DA:504,0
DA:507,0
DA:510,0
DA:513,0
DA:516,0
DA:519,0
DA:522,0
DA:525,0
DA:528,0
DA:531,0
DA:534,0
DA:537,0
DA:540,0
DA:543,0
DA:546,0
DA:549,0
DA:552,0
DA:555,0
DA:558,0
DA:561,0
DA:564,0
DA:567,0
DA:570,0
DA:573,0
DA:576,0
DA:579,0
DA:582,0
DA:584,0
DA:587,0
DA:590,0
DA:593,0
DA:596,0
DA:599,0
DA:602,0
DA:605,0
DA:608,0
DA:611,0
DA:614,0
DA:617,0
DA:620,0
DA:623,0
DA:626,0
DA:629,0
DA:632,0
DA:635,0
DA:638,0
DA:641,0
DA:644,0
DA:647,0
DA:650,0
DA:653,0
DA:656,0
DA:659,0
DA:662,0
DA:665,0
DA:668,0
DA:671,0
DA:674,0
DA:677,0
DA:680,0
DA:683,0
DA:685,0
DA:688,0
DA:690,0
DA:693,0
DA:696,0
DA:699,0
DA:701,0
DA:704,0
DA:706,0
DA:709,0
DA:712,0
DA:715,0
DA:718,0
DA:721,0
DA:724,0
DA:727,0
DA:730,0
DA:733,0
DA:736,0
DA:739,0
DA:742,0
DA:745,0
DA:748,0
DA:751,0
DA:754,0
DA:757,0
DA:760,0
DA:763,0
DA:766,0
DA:769,0
DA:772,0
DA:775,0
DA:778,0
DA:781,0
DA:784,0
DA:787,0
DA:790,0
DA:793,0
DA:796,0
DA:799,0
DA:802,0
DA:805,0
DA:808,0
DA:811,0
DA:814,0
DA:817,0
DA:820,0
DA:823,0
DA:826,0
DA:829,0
DA:832,0
DA:835,0
DA:838,0
DA:841,0
DA:844,0
DA:847,0
DA:850,0
DA:853,0
DA:856,0
DA:859,0
DA:862,0
DA:865,0
DA:868,0
DA:871,0
DA:874,0
DA:877,0
DA:880,0
DA:883,0
DA:886,0
DA:889,0
DA:892,0
DA:895,0
DA:898,0
DA:901,0
DA:904,0
DA:907,0
DA:910,0
DA:913,0
DA:916,0
DA:919,0
DA:922,0
DA:925,0
DA:928,0
DA:931,0
DA:934,0
DA:937,0
DA:940,0
DA:943,0
DA:946,0
DA:949,0
DA:952,0
DA:955,0
DA:958,0
DA:961,0
DA:964,0
DA:967,0
DA:970,0
DA:973,0
DA:976,0
DA:979,0
DA:982,0
DA:985,0
DA:988,0
DA:991,0
DA:994,0
DA:997,0
DA:1000,0
DA:1003,0
DA:1006,0
DA:1009,0
DA:1012,0
DA:1015,0
DA:1018,0
DA:1021,0
DA:1024,0
DA:1027,0
DA:1030,0
DA:1033,0
DA:1036,0
DA:1039,0
DA:1042,0
DA:1045,0
DA:1048,0
DA:1051,0
DA:1054,0
DA:1057,0
DA:1060,0
DA:1063,0
DA:1066,0
DA:1069,0
DA:1072,0
DA:1075,0
DA:1078,0
DA:1081,0
DA:1084,0
DA:1087,0
DA:1090,0
DA:1093,0
DA:1096,0
DA:1099,0
DA:1102,0
DA:1105,0
DA:1108,0
DA:1111,0
DA:1114,0
DA:1117,0
DA:1120,0
DA:1123,0
DA:1126,3
DA:1129,0
DA:1132,0
DA:1135,0
DA:1138,0
DA:1141,0
DA:1144,0
DA:1147,0
DA:1150,0
DA:1153,0
DA:1156,0
DA:1159,0
DA:1162,0
DA:1165,0
DA:1168,0
DA:1171,0
DA:1174,0
DA:1177,0
DA:1180,0
DA:1183,0
DA:1186,0
DA:1189,0
DA:1192,0
DA:1195,0
DA:1198,0
DA:1201,0
DA:1204,0
DA:1207,0
DA:1210,0
DA:1213,0
DA:1216,0
DA:1219,0
DA:1222,0
DA:1225,0
DA:1228,0
DA:1231,0
DA:1234,0
DA:1237,0
DA:1240,0
DA:1243,0
DA:1246,0
DA:1249,0
DA:1252,0
DA:1255,0
DA:1258,0
DA:1261,0
DA:1264,0
DA:1267,0
DA:1269,0
DA:1272,0
DA:1275,0
DA:1278,0
DA:1281,0
DA:1284,0
DA:1287,0
DA:1290,0
DA:1293,0
DA:1296,0
DA:1299,0
DA:1302,0
DA:1305,0
DA:1308,0
DA:1311,0
DA:1313,0
DA:1316,0
DA:1319,0
DA:1322,0
DA:1324,0
DA:1327,0
DA:1329,0
DA:1332,0
DA:1335,0
DA:1338,0
DA:1341,0
DA:1344,0
DA:1347,0
DA:1350,1
DA:1353,1
DA:1356,1
DA:1359,2
DA:1362,1
DA:1365,1
DA:1368,1
DA:1371,1
DA:1374,1
DA:1377,1
DA:1380,1
DA:1383,1
DA:1386,1
DA:1389,1
DA:1392,1
DA:1395,1
DA:1398,1
DA:1401,1
DA:1404,1
DA:1407,1
DA:1410,1
DA:1413,1
DA:1416,1
DA:1419,1
DA:1422,1
DA:1425,1
DA:1428,1
DA:1431,1
DA:1434,1
DA:1437,1
DA:1440,1
DA:1443,1
DA:1446,1
DA:1449,1
DA:1452,1
DA:1455,1
DA:1458,1
DA:1461,1
DA:1464,1
DA:1467,1
DA:1470,1
DA:1473,1
DA:1476,1
DA:1479,1
DA:1482,0
DA:1485,1
DA:1488,1
DA:1490,1
DA:1493,0
DA:1495,0
DA:1498,2
DA:1500,2
DA:1503,0
DA:1506,1
DA:1509,2
DA:1511,2
DA:1514,2
DA:1517,2
DA:1520,3
DA:1522,3
DA:1525,3
DA:1528,2
DA:1531,3
DA:1533,3
DA:1536,3
DA:1539,2
DA:1542,2
DA:1544,2
DA:1547,2
DA:1550,2
DA:1553,2
DA:1556,2
DA:1559,2
DA:1562,2
DA:1564,2
DA:1567,1
DA:1570,2
DA:1573,2
DA:1575,2
DA:1578,2
DA:1581,1
DA:1584,1
DA:1587,0
DA:1590,0
DA:1592,0
DA:1595,1
DA:1598,0
DA:1601,0
DA:1604,0
DA:1607,0
DA:1610,0
DA:1612,0
DA:1615,0
DA:1617,0
LF:545
LH:86
end_of_record
SF:lib\common\app_styles.dart
DA:7,14
DA:14,14
DA:21,2
DA:28,20
DA:35,14
DA:42,16
DA:48,4
DA:54,14
DA:61,1
DA:66,2
DA:67,2
DA:69,2
DA:79,4
DA:81,2
DA:82,2
DA:83,2
DA:84,2
DA:91,2
DA:93,1
DA:94,1
DA:95,1
DA:96,1
DA:97,1
DA:104,2
DA:105,2
DA:107,2
DA:108,2
DA:112,2
DA:113,2
DA:115,2
DA:116,2
DA:123,2
DA:129,1
DA:130,1
DA:131,1
DA:132,1
DA:139,2
DA:141,1
LF:38
LH:38
end_of_record
SF:lib\common\custom_app_bar.dart
DA:16,5
DA:25,5
DA:27,5
DA:28,5
DA:29,5
DA:30,10
DA:31,5
DA:33,5
DA:38,5
DA:39,5
DA:40,5
DA:41,5
DA:43,5
DA:47,5
DA:48,9
DA:49,5
DA:50,5
DA:52,5
DA:53,5
DA:54,5
DA:55,5
DA:56,0
DA:57,0
DA:59,0
DA:70,3
LF:25
LH:22
end_of_record
SF:lib\view\notification\notification_provider.dart
DA:8,4
DA:10,26
DA:12,2
DA:13,2
DA:14,2
DA:17,2
DA:19,4
DA:20,2
DA:23,2
DA:24,10
DA:25,4
DA:26,10
DA:27,2
LF:13
LH:13
end_of_record
SF:lib\view\notification\notification_view.dart
DA:8,1
DA:10,1
DA:11,1
DA:15,1
DA:17,1
DA:18,1
DA:19,1
DA:20,2
DA:21,1
DA:22,3
DA:26,2
DA:28,4
DA:30,1
DA:31,1
DA:32,1
DA:33,1
DA:34,1
DA:35,1
DA:36,1
DA:37,1
DA:38,1
DA:39,1
DA:41,2
DA:44,2
DA:46,2
DA:47,1
DA:48,5
DA:49,1
DA:50,2
LF:29
LH:29
end_of_record
SF:lib\widget\home_widget\notification_bell.dart
DA:8,6
DA:14,6
DA:16,6
DA:17,6
DA:18,6
DA:19,6
DA:23,12
DA:24,6
DA:25,12
LF:9
LH:9
end_of_record
SF:lib\model\notification_model.dart
DA:8,3
DA:17,1
DA:18,1
DA:20,1
DA:21,1
DA:22,2
DA:23,1
DA:28,1
DA:29,1
DA:30,1
DA:31,1
DA:32,1
DA:33,1
DA:38,3
DA:45,3
DA:46,3
DA:47,2
DA:48,3
DA:49,3
DA:50,0
LF:20
LH:19
end_of_record
SF:lib\responsive\responsive_helper.dart
DA:14,60
DA:17,20
DA:18,20
DA:22,60
DA:25,60
DA:28,0
DA:31,0
DA:34,4
DA:35,8
DA:36,8
DA:37,6
DA:38,6
DA:43,20
DA:44,40
DA:45,20
DA:49,20
DA:50,40
DA:51,20
DA:55,19
DA:56,95
DA:60,10
DA:61,50
DA:65,13
DA:66,65
DA:70,2
DA:71,10
DA:75,19
DA:76,95
DA:80,13
DA:81,65
DA:85,8
DA:86,40
DA:90,13
DA:91,65
DA:95,6
DA:105,2
DA:107,6
DA:108,6
DA:109,6
DA:110,6
DA:111,6
DA:116,3
DA:117,6
DA:121,2
DA:122,4
DA:126,2
DA:127,2
DA:128,6
DA:132,0
DA:135,5
DA:138,5
DA:152,0
LF:52
LH:48
end_of_record
SF:lib\responsive\responsive_widgets.dart
DA:13,0
DA:23,1
DA:25,1
DA:26,1
DA:28,1
DA:29,0
DA:33,1
DA:34,1
DA:35,1
DA:36,2
DA:37,0
DA:38,0
DA:39,0
DA:40,0
DA:41,0
DA:57,0
DA:69,1
DA:71,1
DA:73,1
DA:74,3
DA:75,3
DA:76,1
DA:77,4
DA:78,1
DA:79,1
DA:80,1
DA:81,1
DA:95,0
DA:105,1
DA:107,1
DA:108,3
DA:110,1
DA:111,1
DA:113,1
DA:114,1
DA:115,1
DA:116,1
DA:131,1
DA:142,1
DA:144,1
DA:146,1
DA:147,4
DA:148,1
DA:151,1
DA:152,1
DA:153,1
DA:154,1
DA:155,3
DA:157,1
DA:158,1
DA:159,1
DA:160,3
DA:174,0
DA:181,1
DA:183,1
DA:185,1
DA:186,1
DA:187,2
DA:188,1
DA:205,1
DA:218,1
DA:220,1
DA:222,1
DA:223,2
DA:224,1
DA:225,1
DA:226,1
DA:227,1
DA:228,1
DA:229,1
DA:230,1
DA:231,2
DA:233,1
DA:234,3
DA:235,1
DA:238,1
DA:249,0
DA:253,0
DA:256,1
DA:258,1
DA:260,1
DA:261,3
DA:262,1
DA:276,1
DA:286,1
DA:288,1
DA:291,3
DA:293,1
DA:295,1
DA:296,2
DA:297,2
DA:298,1
DA:299,1
DA:300,1
DA:304,1
DA:306,1
DA:308,1
DA:309,0
DA:311,0
DA:313,0
LF:100
LH:85
end_of_record
SF:lib\responsive\responsive_mixin.dart
DA:6,3
DA:9,3
DA:12,3
DA:15,3
DA:18,3
DA:21,3
DA:24,3
DA:27,3
DA:30,1
DA:38,2
DA:49,0
DA:52,0
DA:55,3
DA:58,3
DA:61,3
DA:64,5
DA:67,5
DA:70,0
DA:71,0
DA:74,3
DA:75,3
DA:80,0
DA:82,0
DA:85,0
DA:88,0
DA:91,0
DA:94,0
DA:97,0
DA:100,0
DA:103,0
DA:106,0
DA:115,0
DA:126,0
DA:129,0
DA:132,0
DA:135,0
DA:138,0
DA:141,0
DA:142,0
DA:143,0
DA:147,0
DA:148,0
DA:149,0
DA:157,0
DA:162,0
DA:164,0
DA:180,0
DA:193,0
DA:195,0
DA:197,0
DA:199,0
DA:200,0
DA:201,0
DA:202,0
DA:206,0
DA:207,0
DA:210,0
DA:211,0
DA:213,0
DA:214,0
DA:215,0
DA:216,0
DA:217,0
LF:63
LH:17
end_of_record
SF:lib\responsive\responsive_utils.dart
DA:7,1
DA:8,1
DA:9,1
DA:13,1
DA:14,1
DA:15,1
DA:19,1
DA:20,1
DA:21,1
DA:25,1
DA:26,2
DA:30,1
DA:31,2
DA:35,1
DA:36,2
DA:40,0
DA:41,0
DA:45,0
DA:46,0
DA:50,0
DA:51,0
DA:55,1
DA:56,2
DA:59,1
DA:60,2
DA:63,1
DA:64,2
DA:68,1
DA:69,2
DA:72,1
DA:73,2
DA:76,1
DA:77,2
DA:80,1
DA:81,2
DA:84,1
DA:85,2
DA:88,1
DA:89,2
DA:93,1
DA:94,2
DA:97,1
DA:98,2
DA:101,1
DA:102,2
DA:105,1
DA:106,2
DA:109,1
DA:110,2
DA:114,1
DA:115,1
DA:116,3
DA:119,1
DA:120,1
DA:121,3
DA:124,1
DA:125,1
DA:126,3
DA:130,1
DA:131,1
DA:133,1
DA:134,1
DA:136,1
DA:137,1
DA:139,1
DA:141,0
DA:147,1
DA:148,1
DA:150,1
DA:151,1
DA:152,1
DA:153,0
DA:154,1
DA:155,0
DA:156,0
DA:157,0
DA:158,0
DA:163,1
DA:164,1
DA:166,1
DA:167,1
DA:168,0
DA:169,1
DA:170,0
DA:171,2
DA:172,0
DA:173,0
DA:174,0
DA:175,0
DA:180,0
DA:181,0
DA:182,0
DA:183,0
DA:187,0
DA:188,0
DA:189,0
DA:193,0
DA:194,0
DA:198,1
DA:205,1
DA:207,1
DA:208,1
DA:209,1
DA:210,0
DA:211,0
DA:216,1
DA:217,1
DA:219,1
DA:220,2
DA:221,3
DA:223,2
DA:224,3
DA:226,2
DA:227,3
DA:229,2
DA:230,3
DA:232,2
DA:233,3
DA:235,2
DA:236,3
DA:238,2
DA:239,3
DA:241,2
DA:242,3
DA:244,2
DA:245,3
DA:247,2
DA:248,3
DA:250,2
DA:251,3
DA:253,2
DA:254,3
DA:256,2
DA:257,3
DA:259,2
DA:260,3
DA:262,2
DA:263,3
LF:138
LH:109
end_of_record
SF:lib\common\custom_button.dart
DA:17,6
DA:30,6
DA:31,6
DA:41,6
DA:43,6
DA:45,12
DA:50,12
DA:55,18
DA:56,12
DA:59,18
DA:60,12
DA:64,6
DA:66,12
DA:67,12
DA:68,6
DA:71,5
DA:72,20
DA:73,18
DA:74,6
DA:76,17
DA:77,4
DA:79,15
DA:83,6
DA:85,24
DA:86,6
DA:87,12
DA:89,6
DA:90,12
DA:94,12
DA:96,20
DA:97,12
DA:99,12
DA:102,4
DA:104,6
DA:109,12
DA:114,4
DA:117,4
DA:118,4
DA:120,6
DA:121,6
DA:122,6
DA:123,6
DA:124,12
DA:125,6
DA:126,12
DA:127,18
DA:128,6
DA:130,6
DA:131,6
DA:132,6
DA:134,6
DA:135,6
DA:136,6
DA:139,6
DA:145,6
DA:146,6
DA:151,6
DA:152,6
DA:153,6
DA:159,6
DA:160,6
DA:162,6
DA:163,6
DA:164,6
DA:165,6
DA:166,6
DA:167,6
DA:168,6
DA:170,6
DA:172,18
DA:173,6
DA:174,6
DA:175,30
DA:176,6
DA:186,6
DA:187,6
DA:189,6
DA:190,13
DA:191,1
DA:192,1
DA:193,1
DA:194,1
DA:196,1
DA:201,1
DA:202,14
DA:203,4
DA:204,2
DA:206,6
DA:207,12
DA:208,6
DA:209,6
LF:91
LH:91
end_of_record
SF:lib\common\gradient_background.dart
DA:10,6
DA:18,6
DA:20,18
DA:22,6
DA:25,6
DA:26,6
DA:27,6
DA:28,0
DA:29,0
DA:30,0
DA:33,6
DA:34,6
DA:37,6
DA:49,1
DA:58,1
DA:60,3
DA:62,1
DA:63,1
DA:64,1
DA:65,1
DA:66,1
DA:67,0
DA:68,0
DA:69,0
DA:75,2
DA:76,1
DA:77,1
DA:79,0
DA:86,1
DA:87,1
DA:88,1
LF:31
LH:24
end_of_record
SF:lib\common\language_selector.dart
DA:15,1
DA:23,1
DA:25,2
DA:26,1
DA:27,1
DA:28,1
DA:30,1
DA:31,0
DA:32,1
DA:34,1
DA:36,1
DA:38,1
DA:40,1
DA:41,2
DA:43,1
DA:44,1
DA:45,1
DA:59,0
DA:60,0
DA:61,0
DA:65,0
DA:66,0
DA:70,0
DA:71,0
DA:72,0
DA:77,0
DA:78,0
DA:79,0
DA:85,0
DA:86,0
DA:88,0
DA:91,0
DA:92,0
DA:93,0
DA:97,0
DA:99,0
DA:101,0
DA:102,0
DA:104,0
DA:113,0
DA:114,0
DA:116,0
DA:118,0
DA:120,0
DA:123,0
DA:124,0
DA:126,0
DA:127,0
DA:128,0
DA:129,0
DA:130,0
DA:132,0
DA:133,0
DA:135,0
DA:137,0
DA:138,0
DA:139,0
DA:141,0
DA:142,0
DA:148,0
DA:149,0
DA:150,0
DA:156,0
DA:161,0
DA:162,0
DA:163,0
DA:164,0
DA:168,0
DA:169,0
DA:170,0
DA:171,0
DA:179,0
DA:184,0
DA:195,0
DA:197,0
DA:199,0
DA:202,0
DA:203,0
DA:204,0
DA:205,0
DA:206,0
DA:207,0
DA:213,0
DA:216,0
DA:217,0
DA:220,0
DA:221,0
DA:222,0
DA:240,0
DA:244,0
DA:246,0
DA:249,0
DA:251,0
DA:257,0
DA:258,0
DA:259,0
DA:260,0
DA:263,0
DA:264,0
DA:266,0
DA:278,0
DA:289,1
DA:296,1
DA:298,1
DA:300,1
LF:105
LH:20
end_of_record
SF:lib\common\custom_input_field.dart
DA:16,7
DA:29,7
DA:30,7
DA:38,7
DA:40,7
DA:41,14
DA:46,14
DA:49,14
DA:50,7
DA:55,7
DA:57,14
DA:58,7
DA:61,3
DA:63,3
DA:64,12
DA:65,2
DA:66,2
DA:68,0
DA:73,7
DA:75,7
DA:77,7
DA:78,7
DA:79,14
DA:80,14
DA:81,21
DA:85,7
DA:86,7
DA:87,7
DA:88,7
DA:89,14
DA:90,7
DA:91,7
DA:92,21
DA:93,7
DA:94,7
DA:95,14
DA:96,3
DA:97,21
DA:101,7
DA:102,7
DA:103,14
DA:104,4
DA:105,21
DA:106,14
DA:111,7
DA:112,14
DA:113,14
DA:114,14
DA:115,14
DA:116,7
DA:117,21
DA:120,7
DA:121,14
DA:122,7
DA:123,21
DA:131,14
LF:56
LH:55
end_of_record
SF:lib\config\cloudinary_config.dart
DA:3,0
LF:1
LH:0
end_of_record
SF:lib\common\snackbar_helper.dart
DA:9,1
DA:16,2
DA:17,1
DA:18,1
DA:29,4
DA:34,4
DA:38,4
DA:39,8
DA:46,4
DA:47,4
DA:48,4
DA:52,1
DA:57,1
DA:61,1
DA:62,2
DA:69,1
DA:70,1
DA:71,1
DA:75,2
DA:80,2
DA:84,2
DA:85,4
DA:92,2
DA:93,2
DA:94,2
DA:98,2
DA:103,2
DA:107,2
DA:108,4
DA:115,2
DA:116,2
DA:117,2
LF:32
LH:32
end_of_record
SF:lib\common\unit_selector.dart
DA:13,2
DA:20,1
DA:22,1
DA:28,1
DA:44,1
DA:52,1
DA:54,2
DA:55,1
DA:56,1
DA:57,1
DA:58,0
DA:59,1
DA:61,1
DA:62,1
DA:63,1
DA:64,1
DA:67,3
DA:71,1
DA:73,3
DA:82,0
DA:83,0
DA:84,0
DA:88,0
DA:89,0
DA:90,0
DA:91,0
DA:92,0
DA:93,0
DA:99,0
DA:100,0
DA:101,0
DA:108,0
DA:110,0
DA:112,0
DA:115,0
DA:116,0
DA:117,0
DA:123,0
DA:125,0
DA:127,0
DA:130,0
DA:137,0
DA:138,0
DA:139,0
DA:140,0
DA:142,0
DA:144,0
DA:145,0
DA:146,0
DA:150,0
DA:151,0
DA:153,0
DA:154,0
DA:157,0
DA:158,0
DA:160,0
DA:165,0
DA:166,0
DA:167,0
DA:170,0
DA:172,0
DA:174,0
DA:175,0
DA:179,0
DA:183,0
DA:186,0
DA:191,0
DA:192,0
DA:194,0
DA:195,0
DA:196,0
DA:197,0
DA:200,0
DA:204,0
DA:205,0
DA:206,0
DA:208,0
DA:222,0
DA:225,0
DA:228,0
DA:229,0
DA:230,0
DA:231,0
DA:232,0
DA:233,0
DA:236,0
DA:237,0
DA:238,0
DA:239,0
DA:240,0
DA:244,0
DA:246,0
DA:262,0
DA:263,0
DA:264,0
DA:265,0
DA:266,0
DA:267,0
DA:270,0
DA:271,0
DA:272,0
DA:273,0
DA:285,0
LF:103
LH:18
end_of_record
SF:lib\config\home_page_config.dart
DA:17,0
DA:18,0
DA:22,0
DA:27,2
DA:28,4
LF:5
LH:2
end_of_record
SF:lib\features\chat_bot_view_home\presentation\pages\chat_bot_page.dart
DA:25,5
DA:31,1
DA:32,1
DA:49,1
DA:51,1
DA:53,2
DA:54,3
DA:55,3
DA:57,1
DA:60,2
DA:61,0
DA:62,0
DA:63,0
DA:64,0
DA:67,0
DA:72,1
DA:74,3
DA:75,2
DA:76,2
DA:77,2
DA:78,2
DA:79,1
DA:82,1
DA:83,2
DA:87,1
DA:89,2
DA:92,0
DA:93,0
DA:94,0
DA:97,1
DA:98,2
DA:99,1
DA:105,1
DA:107,1
DA:108,1
DA:109,3
DA:110,1
DA:111,1
DA:112,1
DA:113,1
DA:114,1
DA:115,1
DA:119,1
DA:121,2
DA:123,1
DA:124,1
DA:126,1
DA:127,1
DA:128,1
DA:129,2
DA:130,2
DA:132,2
DA:133,0
DA:134,2
DA:135,0
DA:136,1
DA:137,1
DA:138,0
DA:139,0
DA:140,0
DA:148,0
DA:149,0
DA:150,0
DA:151,0
DA:152,0
DA:153,0
DA:160,1
DA:161,2
DA:162,2
DA:163,1
DA:164,3
DA:168,0
DA:169,0
DA:170,0
DA:171,0
DA:176,0
DA:177,0
DA:178,0
DA:179,0
DA:181,0
DA:182,0
DA:184,0
DA:185,0
DA:193,0
DA:194,0
DA:195,0
DA:196,0
DA:197,0
DA:206,0
DA:207,0
DA:211,0
DA:212,0
DA:213,0
DA:217,0
DA:218,0
DA:219,0
DA:220,0
DA:221,0
DA:223,0
DA:224,0
DA:228,0
DA:235,0
DA:236,0
DA:238,0
DA:239,0
DA:243,0
DA:244,0
DA:245,0
DA:246,0
DA:247,0
DA:252,0
DA:253,0
DA:256,0
DA:259,0
DA:260,0
DA:261,0
DA:265,0
DA:267,0
DA:268,0
LF:119
LH:52
end_of_record
SF:lib\features\profile_view_home\di\profile_di.dart
DA:15,0
DA:16,0
DA:21,0
DA:23,0
DA:24,0
DA:27,0
DA:33,0
DA:34,0
DA:35,0
DA:36,0
DA:39,0
DA:48,0
DA:49,0
LF:13
LH:0
end_of_record
SF:lib\features\profile_view_home\presentation\pages\profile_page.dart
DA:29,0
DA:35,0
DA:36,0
DA:43,0
DA:45,0
DA:46,0
DA:47,0
DA:50,0
DA:52,0
DA:53,0
DA:56,0
DA:57,0
DA:58,0
DA:62,0
DA:64,0
DA:70,0
DA:72,0
DA:73,0
DA:74,0
DA:75,0
DA:78,0
DA:79,0
DA:80,0
DA:81,0
DA:86,0
DA:88,0
DA:89,0
DA:92,0
DA:94,0
DA:97,0
DA:98,0
DA:99,0
DA:100,0
DA:101,0
DA:103,0
DA:106,0
DA:108,0
DA:109,0
DA:113,0
DA:115,0
DA:117,0
DA:121,0
DA:123,0
DA:124,0
DA:125,0
DA:127,0
DA:128,0
DA:129,0
DA:130,0
DA:132,0
DA:133,0
DA:135,0
DA:137,0
DA:138,0
DA:140,0
DA:141,0
DA:143,0
DA:146,0
DA:147,0
DA:148,0
DA:149,0
DA:150,0
DA:165,0
DA:167,0
DA:170,0
DA:174,0
DA:176,0
DA:177,0
DA:178,0
DA:180,0
DA:182,0
DA:183,0
DA:188,0
DA:189,0
DA:190,0
DA:192,0
DA:193,0
DA:194,0
DA:196,0
DA:197,0
DA:198,0
DA:205,0
DA:207,0
DA:208,0
DA:209,0
DA:210,0
DA:211,0
DA:212,0
DA:213,0
DA:215,0
DA:217,0
DA:218,0
DA:227,0
DA:229,0
DA:230,0
DA:231,0
DA:233,0
DA:234,0
DA:240,0
DA:242,0
DA:243,0
DA:244,0
DA:246,0
DA:247,0
DA:253,0
DA:255,0
DA:256,0
DA:257,0
DA:259,0
DA:260,0
DA:268,0
DA:269,0
DA:271,0
DA:273,0
DA:275,0
DA:278,0
DA:280,0
DA:281,0
DA:282,0
DA:284,0
DA:285,0
DA:293,0
DA:294,0
DA:296,0
DA:310,0
DA:312,0
DA:314,0
DA:315,0
DA:316,0
DA:317,0
DA:318,0
DA:319,0
DA:320,0
DA:322,0
DA:328,0
DA:339,0
DA:346,0
DA:348,0
DA:349,0
DA:350,0
DA:351,0
DA:352,0
DA:353,0
DA:355,0
DA:356,0
DA:357,0
DA:359,0
DA:360,0
DA:361,0
DA:363,0
DA:364,0
DA:365,0
DA:366,0
DA:373,0
DA:375,0
LF:155
LH:0
end_of_record
SF:lib\features\record_view_home\presentation\pages\record_page.dart
DA:16,4
DA:18,2
DA:20,2
DA:23,2
DA:24,6
DA:25,4
DA:26,2
DA:30,2
DA:31,2
DA:32,2
DA:33,2
DA:34,0
DA:35,2
DA:36,0
DA:39,2
DA:40,2
DA:41,2
DA:42,2
DA:43,2
DA:45,2
DA:47,2
DA:49,2
DA:50,2
DA:51,2
DA:52,4
DA:54,6
DA:59,2
DA:60,2
DA:61,2
DA:62,2
DA:63,2
DA:64,1
DA:65,2
DA:66,2
DA:67,2
DA:68,2
DA:69,2
DA:76,4
DA:81,4
DA:83,2
DA:84,2
DA:85,1
DA:86,1
DA:87,1
DA:89,0
DA:90,0
DA:91,0
LF:47
LH:42
end_of_record
SF:lib\database\auth_service.dart
DA:20,11
DA:21,0
DA:22,0
DA:25,15
DA:28,0
DA:32,1
DA:40,2
DA:45,1
DA:49,1
DA:52,1
DA:53,1
DA:57,1
DA:61,2
DA:67,0
DA:68,0
DA:70,0
DA:75,1
DA:80,2
DA:84,1
DA:85,0
DA:86,0
DA:88,0
DA:93,1
DA:94,2
DA:96,2
DA:99,1
DA:100,1
DA:107,1
DA:109,1
DA:110,1
DA:111,1
DA:112,1
DA:114,1
DA:115,2
DA:119,0
DA:124,1
DA:126,4
DA:128,2
DA:133,1
DA:138,1
DA:139,1
DA:140,1
DA:141,1
DA:142,1
DA:143,2
DA:145,0
DA:150,1
DA:152,1
DA:153,1
DA:154,1
DA:155,1
DA:156,1
DA:157,1
DA:159,1
DA:160,1
DA:164,0
DA:169,0
DA:170,0
DA:175,0
DA:182,0
DA:186,0
DA:191,0
DA:196,0
DA:197,0
DA:198,0
DA:199,0
DA:200,0
DA:201,0
DA:202,0
DA:204,0
DA:205,0
DA:206,0
DA:207,0
DA:208,0
DA:209,0
DA:210,0
DA:213,0
DA:215,0
DA:220,0
DA:235,0
DA:240,0
DA:244,0
DA:247,0
DA:254,0
DA:255,0
DA:259,0
DA:260,0
DA:263,0
DA:267,0
DA:273,0
DA:274,0
DA:276,0
DA:281,0
DA:283,0
DA:284,0
DA:286,0
DA:288,0
DA:296,0
DA:297,0
DA:298,0
DA:300,0
DA:302,0
DA:304,0
DA:306,0
DA:308,0
DA:310,0
DA:312,0
DA:314,0
DA:317,0
DA:322,0
DA:329,0
DA:330,0
DA:331,0
DA:332,0
DA:337,0
DA:338,0
DA:339,0
DA:348,0
DA:349,0
DA:352,0
DA:359,0
DA:362,0
DA:365,0
DA:376,1
DA:377,1
DA:378,1
DA:379,1
DA:380,2
LF:128
LH:49
end_of_record
SF:lib\model\user.dart
DA:19,3
DA:33,1
DA:45,1
DA:46,1
DA:47,1
DA:48,0
DA:49,1
DA:50,1
DA:51,1
DA:52,0
DA:53,1
DA:54,1
DA:55,1
DA:60,3
DA:61,3
DA:62,3
DA:63,3
DA:64,6
DA:65,3
DA:66,3
DA:67,4
DA:68,3
DA:69,4
DA:70,3
DA:71,3
DA:72,3
DA:77,2
DA:78,2
DA:79,2
DA:80,2
DA:81,2
DA:82,2
DA:83,4
DA:84,2
DA:85,2
DA:86,2
DA:88,2
DA:89,2
DA:90,4
DA:95,0
DA:96,0
DA:102,0
DA:103,0
DA:104,0
DA:105,0
DA:106,0
DA:107,0
DA:108,0
DA:109,0
DA:110,0
DA:119,2
DA:122,4
DA:128,2
DA:129,2
DA:131,2
DA:132,0
DA:133,0
DA:134,0
DA:135,0
DA:136,0
DA:142,2
DA:143,2
LF:62
LH:44
end_of_record
SF:lib\model\body_info_model.dart
DA:11,3
DA:21,1
DA:29,1
DA:30,1
DA:31,0
DA:32,0
DA:33,1
DA:34,1
DA:35,1
DA:40,3
DA:41,3
DA:42,3
DA:43,3
DA:44,3
DA:45,3
DA:46,3
DA:51,2
DA:52,2
DA:53,4
DA:54,4
DA:55,3
DA:56,2
DA:57,4
DA:58,4
DA:63,1
DA:64,4
DA:67,2
DA:68,3
DA:72,1
DA:73,1
DA:76,1
DA:77,1
DA:78,1
DA:92,2
DA:95,4
DA:101,2
DA:103,1
DA:104,7
DA:106,0
DA:108,0
DA:109,0
DA:110,0
DA:111,0
DA:112,0
DA:114,0
DA:115,0
LF:46
LH:36
end_of_record
SF:lib\model\nutrition_calculation_model.dart
DA:15,10
DA:30,1
DA:31,6
DA:35,1
DA:36,3
DA:37,4
DA:38,3
DA:39,4
DA:44,4
DA:45,4
DA:46,4
DA:47,4
DA:48,4
DA:49,4
DA:50,4
DA:51,4
DA:52,4
DA:53,4
DA:54,4
DA:55,4
DA:56,4
DA:60,3
DA:61,3
DA:62,6
DA:63,6
DA:64,6
DA:65,6
DA:66,6
DA:67,6
DA:68,3
DA:69,3
DA:70,6
DA:71,3
DA:72,3
DA:73,3
DA:77,0
DA:80,0
DA:81,0
DA:82,0
DA:83,0
DA:84,0
DA:85,0
DA:86,0
DA:87,0
DA:88,0
DA:89,0
DA:90,0
DA:91,0
DA:104,8
DA:114,32
DA:117,4
DA:120,4
DA:123,40
DA:125,1
DA:126,1
DA:127,1
DA:128,1
DA:129,1
DA:130,1
DA:131,1
DA:132,1
DA:136,1
DA:137,1
DA:138,1
DA:139,1
DA:140,2
DA:141,2
DA:142,2
DA:143,1
LF:69
LH:56
end_of_record
SF:lib\features\food_scanner\services\camera_permission_service.dart
DA:4,6
DA:6,2
DA:7,2
DA:10,2
DA:21,0
DA:22,0
DA:28,0
DA:30,0
DA:34,0
DA:36,0
DA:37,0
DA:38,0
DA:42,0
DA:43,0
DA:47,0
DA:49,0
DA:56,0
DA:57,0
DA:58,0
DA:62,0
DA:63,0
DA:64,0
DA:68,0
DA:69,0
DA:74,1
DA:75,1
DA:76,1
DA:80,0
DA:81,0
DA:82,0
DA:83,0
LF:31
LH:7
end_of_record
SF:lib\database\exceptions.dart
DA:6,4
DA:8,2
DA:9,4
DA:17,2
DA:19,1
DA:20,2
DA:27,1
DA:29,1
DA:30,2
LF:9
LH:9
end_of_record
SF:lib\database\local_storage_service.dart
DA:25,12
DA:26,12
DA:28,8
DA:43,8
DA:46,8
DA:49,3
DA:50,2
DA:52,4
DA:53,6
DA:55,4
DA:57,0
DA:58,0
DA:60,4
DA:61,4
DA:62,2
DA:64,2
DA:66,1
DA:67,2
DA:70,0
DA:71,0
DA:75,8
DA:76,8
DA:82,7
DA:83,7
DA:84,14
DA:85,21
DA:86,7
DA:88,7
DA:89,7
DA:90,7
DA:92,7
DA:93,7
DA:94,7
DA:95,7
DA:96,7
DA:97,7
DA:98,7
DA:117,7
DA:119,1
DA:120,1
DA:131,1
DA:133,1
DA:137,2
DA:139,1
DA:140,0
DA:141,0
DA:142,0
DA:143,0
DA:151,0
DA:152,0
DA:155,0
DA:162,2
DA:163,2
DA:164,2
DA:165,2
DA:166,2
DA:167,2
DA:169,2
DA:170,2
DA:171,2
DA:172,2
DA:173,2
DA:174,2
DA:175,2
DA:179,1
DA:180,1
DA:189,2
DA:195,3
DA:196,3
DA:199,6
DA:200,3
DA:201,3
DA:202,3
DA:203,3
DA:204,3
DA:205,3
DA:206,3
DA:207,3
DA:208,3
DA:209,3
DA:210,3
DA:215,1
DA:216,1
DA:218,1
DA:219,0
DA:220,1
DA:221,1
DA:222,1
DA:223,0
DA:224,1
DA:225,0
DA:226,1
DA:227,0
DA:228,1
DA:231,0
DA:234,0
DA:236,1
DA:238,2
DA:242,0
DA:244,0
DA:250,2
DA:251,2
DA:252,2
DA:253,2
DA:254,2
DA:255,2
DA:256,4
DA:258,2
DA:268,0
DA:269,0
DA:270,0
DA:276,0
DA:277,0
DA:278,0
DA:282,0
DA:283,0
DA:284,0
DA:286,0
DA:287,0
LF:119
LH:89
end_of_record
SF:lib\database\data_migration_service.dart
DA:9,3
DA:10,0
DA:11,0
DA:13,1
DA:14,2
DA:19,2
DA:21,1
DA:24,1
DA:25,1
DA:26,1
DA:30,1
DA:31,2
DA:34,1
DA:35,2
DA:37,3
DA:38,2
DA:40,3
DA:41,2
DA:45,1
DA:46,3
DA:47,1
DA:48,1
DA:49,2
DA:50,1
DA:51,1
DA:56,1
DA:58,2
DA:59,1
DA:60,1
DA:65,1
DA:66,1
DA:67,2
DA:68,1
DA:69,1
DA:73,1
DA:74,0
DA:78,2
DA:82,2
DA:84,2
DA:87,2
LF:40
LH:37
end_of_record
SF:lib\features\chat_bot_view_home\data\datasources\chat_session_local_data_source.dart
DA:21,0
DA:23,0
DA:26,0
DA:28,0
DA:31,0
DA:33,0
DA:36,0
DA:38,0
DA:39,0
DA:40,0
DA:44,0
DA:46,0
DA:49,0
DA:51,0
DA:54,0
DA:56,0
DA:57,0
DA:61,0
DA:62,0
LF:19
LH:0
end_of_record
SF:lib\features\chat_bot_view_home\domain\entities\chat_session_entity.dart
DA:11,2
DA:20,2
DA:24,2
DA:25,2
DA:31,2
DA:36,2
DA:41,1
DA:48,1
DA:49,1
DA:50,1
DA:51,1
DA:52,0
DA:53,0
DA:58,1
DA:59,3
DA:60,1
DA:62,1
DA:67,0
DA:68,0
DA:69,0
DA:70,0
DA:73,0
DA:77,0
DA:78,0
DA:79,0
DA:84,1
DA:87,0
DA:90,0
DA:91,0
DA:93,0
DA:95,0
LF:31
LH:16
end_of_record
SF:lib\features\chat_bot_view_home\data\datasources\chatbot_endpoint_datasource.dart
DA:18,0
DA:23,0
DA:25,0
DA:27,0
DA:30,0
DA:31,0
DA:34,0
DA:37,0
DA:38,0
DA:39,0
DA:42,0
DA:44,0
DA:45,0
DA:48,0
DA:49,0
DA:50,0
DA:52,0
DA:55,0
DA:59,0
DA:61,0
DA:64,0
DA:68,0
DA:70,0
DA:71,0
DA:72,0
DA:73,0
DA:74,0
DA:75,0
DA:76,0
DA:77,0
DA:79,0
DA:80,0
DA:81,0
DA:82,0
DA:83,0
DA:84,0
DA:85,0
DA:86,0
DA:87,0
DA:88,0
DA:89,0
DA:91,0
DA:95,0
DA:96,0
DA:100,0
LF:45
LH:0
end_of_record
SF:lib\features\chat_bot_view_home\data\datasources\firestore_datasource.dart
DA:11,0
DA:13,0
DA:18,0
DA:19,0
DA:21,0
DA:23,0
DA:28,0
DA:29,0
DA:33,0
DA:34,0
LF:10
LH:0
end_of_record
SF:lib\services\firestore_service.dart
DA:15,2
DA:16,1
DA:18,0
DA:21,1
DA:23,4
DA:31,0
DA:32,0
DA:36,1
DA:37,1
DA:38,1
DA:39,1
DA:40,1
DA:44,1
DA:45,4
DA:49,1
DA:50,4
DA:51,1
DA:55,0
DA:56,0
DA:57,0
DA:58,0
DA:59,0
DA:63,0
DA:64,0
DA:67,0
DA:68,0
DA:69,0
DA:70,0
DA:73,0
DA:74,0
DA:78,0
DA:79,0
DA:81,0
DA:83,0
DA:87,0
DA:88,0
DA:89,0
LF:37
LH:14
end_of_record
SF:lib\features\chat_bot_view_home\data\models\user_data_model.dart
DA:5,0
DA:27,0
DA:28,0
DA:29,0
DA:30,0
DA:31,0
DA:36,0
DA:37,0
DA:40,0
DA:41,0
DA:46,0
DA:49,0
DA:50,0
DA:55,0
DA:56,0
DA:59,0
DA:60,0
DA:64,0
DA:65,0
DA:68,0
DA:71,0
DA:72,0
DA:73,0
DA:76,0
DA:79,0
DA:80,0
DA:81,0
DA:85,0
DA:86,0
DA:87,0
DA:88,0
DA:90,0
DA:91,0
DA:96,0
DA:99,0
DA:102,0
DA:108,0
DA:110,0
DA:123,0
DA:124,0
DA:125,0
DA:126,0
DA:127,0
DA:128,0
DA:129,0
DA:130,0
DA:131,0
DA:132,0
DA:137,0
DA:138,0
DA:139,0
DA:140,0
DA:141,0
DA:142,0
DA:143,0
DA:144,0
DA:145,0
DA:147,0
DA:152,0
DA:153,0
DA:154,0
DA:155,0
DA:156,0
DA:157,0
DA:158,0
DA:159,0
DA:160,0
DA:161,0
DA:165,0
DA:167,0
LF:70
LH:0
end_of_record
SF:lib\features\chat_bot_view_home\domain\entities\user_data_entity.dart
DA:12,0
DA:23,0
DA:26,0
DA:27,0
DA:28,0
DA:29,0
DA:30,0
DA:31,0
DA:32,0
DA:33,0
DA:34,0
DA:37,0
DA:39,0
DA:40,0
DA:41,0
DA:42,0
DA:43,0
DA:44,0
DA:45,0
DA:46,0
DA:49,0
DA:51,0
LF:22
LH:0
end_of_record
SF:lib\features\chat_bot_view_home\data\parsers\food_suggestion_parser.dart
DA:7,1
DA:16,2
DA:17,2
DA:19,4
DA:20,2
DA:22,1
DA:27,2
DA:28,1
DA:30,1
DA:32,3
DA:33,1
DA:34,2
DA:35,1
DA:39,1
DA:40,7
DA:41,1
DA:43,1
DA:44,1
DA:48,1
DA:52,1
DA:55,2
DA:56,1
DA:58,2
DA:60,1
DA:61,3
DA:64,5
DA:71,1
DA:74,1
DA:76,2
DA:78,1
DA:82,1
DA:87,2
DA:89,2
DA:93,1
DA:94,4
DA:95,4
DA:96,1
DA:97,1
DA:99,2
DA:100,1
DA:102,1
DA:103,2
DA:104,1
DA:105,1
DA:106,1
DA:113,0
DA:116,0
DA:119,0
DA:120,0
DA:122,0
DA:123,0
DA:124,0
DA:125,0
DA:126,0
DA:133,0
DA:136,0
DA:140,0
DA:141,0
DA:142,0
DA:143,0
DA:144,0
DA:145,0
DA:147,0
DA:150,0
DA:153,0
DA:155,1
DA:156,0
DA:160,3
DA:161,1
DA:162,1
DA:163,1
DA:167,1
DA:168,5
DA:171,1
DA:172,1
LF:75
LH:54
end_of_record
SF:lib\features\chat_bot_view_home\data\repositories\chat_repository_impl.dart
DA:9,0
DA:11,0
DA:17,0
DA:20,0
DA:23,0
DA:26,0
DA:31,0
LF:7
LH:0
end_of_record
SF:lib\features\chat_bot_view_home\domain\entities\chat_message_entity.dart
DA:7,2
DA:13,0
DA:16,0
DA:17,0
DA:18,0
DA:19,0
DA:22,0
DA:23,0
DA:25,0
DA:27,0
LF:10
LH:1
end_of_record
SF:lib\features\chat_bot_view_home\data\repositories\chat_session_repository_impl.dart
DA:14,0
DA:16,0
DA:18,0
DA:21,0
DA:24,0
DA:29,0
DA:33,0
DA:34,0
DA:37,0
DA:38,0
DA:39,0
DA:40,0
DA:41,0
DA:44,0
DA:46,0
DA:47,0
DA:48,0
DA:49,0
DA:50,0
DA:55,0
DA:62,0
DA:65,0
DA:70,0
DA:71,0
DA:72,0
DA:76,0
DA:77,0
DA:79,0
DA:80,0
DA:85,0
DA:88,0
DA:89,0
DA:90,0
DA:91,0
DA:92,0
DA:93,0
DA:102,0
DA:104,0
DA:108,0
DA:110,0
DA:113,0
DA:115,0
DA:118,0
DA:121,0
DA:125,0
DA:128,0
DA:129,0
LF:47
LH:0
end_of_record
SF:lib\services\chat_sessions_service.dart
DA:6,0
DA:14,0
DA:21,0
DA:22,0
DA:23,0
DA:24,0
DA:27,0
DA:28,0
DA:29,0
DA:30,0
DA:31,0
DA:32,0
DA:33,0
DA:34,0
DA:35,0
DA:36,0
DA:50,1
DA:59,1
DA:60,1
DA:61,2
DA:62,2
DA:63,0
DA:64,2
DA:65,2
DA:67,1
DA:68,1
DA:69,1
DA:70,1
DA:73,1
DA:81,1
DA:82,0
DA:83,0
DA:85,1
DA:86,2
DA:87,1
DA:88,1
DA:91,1
DA:92,4
DA:94,0
DA:95,0
DA:97,1
DA:98,1
DA:99,1
DA:100,1
DA:101,1
DA:102,1
DA:103,5
DA:106,1
DA:108,1
DA:109,0
DA:111,0
DA:113,0
DA:114,0
DA:120,2
DA:125,1
DA:129,1
DA:130,3
DA:131,1
DA:133,3
DA:134,3
DA:136,0
DA:137,0
DA:139,1
DA:142,0
DA:143,0
DA:145,0
DA:146,0
DA:150,0
DA:154,0
DA:159,0
DA:160,0
DA:161,0
DA:162,0
DA:163,0
DA:169,0
DA:171,0
DA:172,0
DA:174,0
DA:175,0
DA:177,0
DA:181,0
DA:183,0
DA:184,0
DA:192,0
DA:193,0
DA:194,0
DA:195,0
DA:196,0
DA:199,0
DA:200,0
DA:202,0
DA:203,0
DA:204,0
DA:205,0
DA:207,0
DA:208,0
DA:211,1
DA:212,3
DA:213,4
DA:216,1
DA:217,1
DA:218,4
DA:221,0
DA:226,0
DA:227,0
DA:228,0
DA:230,0
DA:231,0
DA:232,0
DA:234,0
DA:235,0
DA:239,0
DA:240,0
DA:241,0
DA:242,0
DA:245,0
DA:246,0
DA:247,0
DA:248,0
DA:249,0
DA:250,0
DA:251,0
DA:252,0
DA:258,0
DA:262,0
DA:263,0
DA:266,0
DA:267,0
LF:128
LH:42
end_of_record
SF:lib\features\chat_bot_view_home\data\repositories\user_repository_impl.dart
DA:12,0
DA:14,0
DA:16,0
DA:17,0
DA:20,0
DA:22,0
DA:25,0
DA:27,0
DA:30,0
DA:32,0
DA:35,0
DA:37,0
DA:39,0
DA:41,0
LF:14
LH:0
end_of_record
SF:lib\features\chat_bot_view_home\domain\usecases\create_new_chat_session_usecase.dart
DA:8,0
DA:13,0
DA:15,0
DA:18,0
DA:23,0
LF:5
LH:0
end_of_record
SF:lib\features\chat_bot_view_home\domain\usecases\food_scan_analysis_usecase.dart
DA:5,1
DA:6,1
DA:7,1
DA:8,1
DA:9,1
DA:10,1
DA:11,1
DA:12,1
DA:13,1
DA:14,1
DA:15,1
DA:16,3
DA:17,4
DA:18,5
DA:19,5
DA:20,5
DA:21,7
DA:22,4
DA:23,1
DA:24,2
DA:26,1
DA:27,1
DA:28,1
DA:29,1
DA:30,1
DA:31,1
LF:26
LH:26
end_of_record
SF:lib\features\record_view_home\domain\entities\food_record_entity.dart
DA:19,12
DA:34,1
DA:48,1
DA:49,0
DA:50,1
DA:51,1
DA:52,1
DA:53,1
DA:54,1
DA:55,1
DA:56,1
DA:57,1
DA:58,1
DA:59,1
DA:60,1
LF:15
LH:14
end_of_record
SF:lib\features\chat_bot_view_home\domain\usecases\generate_food_suggestion_usecase.dart
DA:27,1
DA:32,1
DA:34,3
DA:35,3
DA:36,3
DA:38,1
DA:40,1
LF:7
LH:7
end_of_record
SF:lib\features\chat_bot_view_home\domain\usecases\send_message_usecase.dart
DA:9,1
DA:12,1
DA:18,2
DA:20,1
DA:24,2
DA:26,1
DA:30,1
DA:31,1
DA:32,1
DA:33,1
DA:34,1
DA:35,1
DA:36,1
DA:37,1
DA:38,1
DA:42,2
DA:45,2
DA:49,2
DA:50,1
DA:51,1
DA:55,1
DA:56,1
DA:60,2
DA:61,1
DA:64,1
DA:77,2
DA:79,2
DA:80,2
DA:83,2
DA:84,2
LF:30
LH:30
end_of_record
SF:lib\features\chat_bot_view_home\domain\usecases\validate_message_usecase.dart
DA:4,1
DA:5,1
DA:7,1
DA:8,1
DA:11,1
DA:12,1
DA:15,1
DA:19,1
DA:20,2
DA:30,2
DA:36,2
DA:37,2
DA:43,2
DA:44,2
LF:14
LH:14
end_of_record
SF:lib\features\chat_bot_view_home\presentation\providers\chat_provider_factory.dart
DA:22,0
DA:28,0
DA:29,0
DA:30,0
DA:33,0
DA:34,0
DA:35,0
DA:36,0
DA:37,0
DA:43,0
DA:47,0
DA:48,0
DA:49,0
DA:50,0
DA:55,0
DA:68,0
LF:16
LH:0
end_of_record
SF:lib\features\chat_bot_view_home\presentation\providers\chat_provider.dart
DA:22,2
DA:37,6
DA:38,6
DA:39,4
DA:40,0
DA:41,0
DA:44,1
DA:46,2
DA:47,1
DA:48,1
DA:52,1
DA:53,1
DA:54,1
DA:56,1
DA:60,1
DA:64,2
DA:65,1
DA:68,1
DA:69,1
DA:70,1
DA:71,1
DA:73,1
DA:78,1
DA:79,1
DA:80,1
DA:82,1
DA:85,1
DA:90,1
DA:91,1
DA:94,1
DA:99,1
DA:104,0
DA:109,0
DA:115,0
DA:119,1
DA:122,4
DA:123,1
DA:124,2
DA:127,1
DA:130,2
DA:131,1
DA:132,1
DA:133,1
DA:134,1
DA:135,1
DA:136,1
DA:137,1
DA:138,1
DA:139,1
DA:140,2
DA:141,1
DA:142,2
DA:145,2
DA:149,1
DA:150,1
DA:151,1
DA:152,1
DA:154,1
DA:158,0
DA:159,0
DA:161,0
DA:164,0
DA:169,0
DA:170,0
DA:173,0
DA:177,1
DA:181,1
DA:182,1
DA:184,3
DA:185,1
DA:188,2
DA:189,1
DA:190,2
DA:193,1
DA:194,2
DA:198,1
DA:200,2
DA:203,0
DA:207,2
DA:208,6
DA:209,2
DA:210,2
DA:213,0
DA:214,0
DA:216,0
DA:218,0
DA:219,0
DA:220,0
DA:221,0
DA:224,0
DA:226,0
DA:230,2
DA:231,2
DA:234,4
DA:235,4
DA:238,2
DA:240,1
DA:241,1
DA:242,2
DA:243,1
DA:245,0
DA:246,0
DA:247,0
DA:250,2
DA:251,2
DA:252,2
DA:255,0
DA:257,2
DA:261,0
DA:263,0
DA:264,0
DA:265,0
DA:268,0
DA:272,2
DA:273,2
DA:275,4
DA:277,8
DA:279,6
DA:282,0
DA:283,0
DA:284,0
DA:285,0
LF:122
LH:87
end_of_record
SF:lib\features\chat_bot_view_home\presentation\widgets\messages_area.dart
DA:11,1
DA:17,1
DA:18,1
DA:24,1
DA:26,1
DA:28,3
DA:29,1
DA:33,0
DA:35,0
DA:37,0
DA:38,0
DA:39,0
DA:40,0
DA:45,1
DA:47,2
DA:48,1
DA:52,1
DA:53,2
DA:54,2
DA:55,3
DA:60,1
DA:62,6
DA:63,1
DA:64,1
DA:65,1
DA:68,1
DA:69,4
DA:70,3
DA:71,1
DA:74,0
DA:80,0
DA:81,0
DA:83,0
DA:85,0
DA:86,0
DA:89,0
DA:90,0
DA:100,0
DA:101,0
DA:103,0
DA:104,0
DA:105,0
DA:109,0
DA:111,0
DA:112,0
DA:115,0
DA:117,0
DA:121,0
DA:123,0
DA:124,0
LF:50
LH:23
end_of_record
SF:lib\features\chat_bot_view_home\presentation\widgets\chat_input_area.dart
DA:11,1
DA:18,1
DA:20,1
DA:22,1
DA:23,3
DA:24,1
DA:25,1
DA:26,3
DA:31,1
DA:32,1
DA:33,1
DA:35,1
DA:42,1
DA:43,1
DA:44,1
DA:45,1
DA:46,1
DA:47,3
DA:48,1
DA:50,1
DA:51,1
DA:52,1
DA:53,3
DA:55,1
DA:56,1
DA:57,1
DA:58,3
DA:66,1
DA:73,1
DA:74,1
DA:75,1
DA:76,3
DA:79,1
DA:80,1
LF:34
LH:34
end_of_record
SF:lib\features\chat_bot_view_home\presentation\widgets\chat_options_popup.dart
DA:12,0
DA:17,0
DA:19,0
DA:21,0
DA:22,0
DA:25,0
DA:27,0
DA:29,0
DA:30,0
DA:31,0
DA:32,0
DA:38,0
DA:40,0
DA:41,0
DA:47,0
DA:48,0
DA:50,0
DA:52,0
DA:53,0
DA:54,0
DA:55,0
DA:57,0
DA:58,0
DA:59,0
DA:60,0
DA:61,0
DA:65,0
DA:66,0
DA:67,0
DA:68,0
DA:76,0
LF:31
LH:0
end_of_record
SF:lib\features\chat_bot_view_home\presentation\widgets\food_suggestion_inputs.dart
DA:11,0
DA:19,0
DA:21,0
DA:22,0
DA:24,0
DA:25,0
DA:26,0
DA:27,0
DA:28,0
DA:29,0
DA:35,0
DA:36,0
DA:37,0
DA:38,0
DA:44,0
DA:45,0
DA:46,0
DA:47,0
DA:53,0
DA:54,0
DA:55,0
LF:21
LH:0
end_of_record
SF:lib\features\chat_bot_view_home\presentation\widgets\chat_settings_menu.dart
DA:10,1
DA:17,1
DA:19,1
DA:21,1
DA:22,1
DA:24,3
DA:26,3
DA:28,1
DA:29,1
DA:30,1
DA:31,4
DA:36,0
DA:37,0
DA:41,0
DA:42,0
DA:45,0
DA:49,0
DA:50,0
DA:53,0
DA:55,0
DA:56,0
DA:58,0
DA:59,0
DA:66,0
DA:73,0
DA:75,0
DA:77,0
DA:79,0
DA:80,0
DA:81,0
DA:83,0
DA:85,0
DA:86,0
DA:87,0
DA:89,0
DA:91,0
DA:96,0
DA:97,0
DA:100,0
DA:101,0
DA:103,0
DA:104,0
DA:110,0
DA:112,0
DA:113,0
LF:45
LH:11
end_of_record
SF:lib\features\chat_bot_view_home\presentation\widgets\chat_empty_state.dart
DA:5,1
DA:14,1
DA:16,2
DA:17,2
DA:18,1
DA:20,1
DA:21,1
DA:23,1
DA:25,1
DA:27,1
DA:28,1
DA:30,1
DA:31,1
DA:33,1
DA:38,1
DA:39,1
DA:41,1
DA:44,1
DA:45,1
DA:47,4
DA:50,1
DA:52,1
DA:53,1
DA:54,0
DA:55,0
DA:57,0
DA:59,1
DA:60,1
DA:61,1
DA:63,2
LF:30
LH:27
end_of_record
SF:lib\features\chat_bot_view_home\presentation\widgets\chat_history.dart
DA:6,0
DA:17,0
DA:19,0
DA:20,0
DA:21,0
DA:22,0
DA:23,0
DA:25,0
DA:26,0
DA:27,0
DA:28,0
DA:30,0
DA:31,0
DA:33,0
DA:34,0
LF:15
LH:0
end_of_record
SF:lib\services\user_avatar_service.dart
DA:12,3
DA:13,9
DA:20,1
DA:21,1
DA:23,1
DA:24,0
DA:25,0
DA:26,0
DA:29,0
DA:33,1
DA:38,0
DA:41,2
DA:42,4
DA:46,1
DA:47,3
DA:48,2
DA:50,2
DA:56,0
DA:59,0
LF:19
LH:12
end_of_record
SF:lib\features\chat_bot_view_home\presentation\widgets\chat_sessions_list.dart
DA:8,0
DA:21,0
DA:22,0
DA:23,0
DA:24,0
DA:25,0
DA:26,0
DA:27,0
DA:28,0
DA:30,0
DA:31,0
DA:33,0
DA:36,0
DA:37,0
DA:38,0
DA:40,0
DA:41,0
DA:42,0
DA:43,0
DA:46,0
DA:47,0
DA:49,0
DA:51,0
DA:55,0
DA:57,0
DA:58,0
DA:60,0
DA:61,0
DA:62,0
DA:63,0
DA:64,0
DA:67,0
DA:68,0
DA:69,0
DA:70,0
DA:72,0
DA:74,0
DA:75,0
DA:76,0
DA:77,0
DA:78,0
DA:79,0
DA:81,0
DA:82,0
DA:86,0
DA:87,0
DA:88,0
DA:89,0
DA:93,0
DA:95,0
DA:98,0
DA:99,0
DA:100,0
DA:101,0
DA:103,0
DA:106,0
DA:107,0
DA:111,0
LF:58
LH:0
end_of_record
SF:lib\features\chat_bot_view_home\presentation\widgets\chat_message_bubble.dart
DA:16,1
DA:18,1
DA:20,1
DA:22,1
DA:23,2
DA:26,1
DA:27,3
DA:28,1
DA:31,2
DA:32,2
DA:34,0
DA:42,1
DA:43,1
DA:44,1
DA:47,0
DA:48,0
DA:51,1
DA:54,1
DA:55,3
DA:65,1
DA:66,3
DA:68,1
DA:69,2
DA:71,1
DA:72,2
DA:73,0
DA:74,3
DA:75,2
DA:76,2
DA:79,2
DA:84,1
DA:86,1
DA:87,1
DA:88,2
DA:89,1
DA:90,2
DA:92,3
DA:97,1
DA:98,3
DA:99,1
DA:100,2
DA:101,0
DA:102,3
DA:106,3
DA:108,0
DA:117,1
DA:118,1
DA:119,1
DA:120,1
DA:122,2
DA:123,1
DA:124,0
DA:125,0
DA:126,0
DA:127,0
DA:129,0
DA:134,0
DA:135,0
DA:136,0
DA:137,0
DA:138,0
DA:140,0
DA:141,0
DA:142,0
DA:143,0
DA:144,0
DA:145,0
DA:146,0
DA:149,0
DA:150,0
DA:151,0
DA:152,0
DA:153,0
DA:154,0
DA:155,0
DA:159,0
DA:161,0
DA:168,0
DA:169,0
DA:172,0
DA:173,0
DA:174,0
DA:175,0
DA:181,0
DA:182,0
DA:185,0
DA:186,0
DA:187,0
DA:188,0
DA:189,0
DA:190,0
DA:191,0
DA:192,0
DA:193,0
DA:194,0
DA:195,0
DA:199,0
DA:200,0
DA:201,0
DA:203,0
DA:204,0
DA:205,0
DA:208,0
DA:210,0
LF:104
LH:45
end_of_record
SF:lib\features\record_view_home\presentation\cubit\record_cubit.dart
DA:21,6
DA:25,12
DA:27,0
DA:38,0
DA:39,0
DA:41,0
DA:51,0
DA:52,0
DA:54,0
DA:58,0
DA:60,0
DA:61,0
DA:63,0
DA:64,0
DA:65,0
DA:66,0
DA:67,0
DA:68,0
DA:69,0
DA:70,0
DA:71,0
DA:72,0
DA:75,0
DA:76,0
DA:78,0
DA:82,6
DA:84,12
DA:85,12
DA:87,12
DA:88,6
DA:89,6
DA:91,0
DA:95,3
DA:97,6
DA:98,21
DA:99,3
DA:101,4
DA:102,1
DA:107,4
DA:108,4
DA:109,8
DA:112,2
DA:113,4
DA:114,2
DA:117,0
DA:118,0
DA:119,0
DA:122,0
DA:123,0
DA:124,0
DA:128,2
DA:129,2
DA:130,2
DA:131,2
DA:134,0
DA:135,0
DA:136,0
DA:137,0
DA:140,0
DA:141,0
DA:145,6
DA:146,6
DA:147,18
DA:150,6
DA:151,6
DA:154,6
DA:155,2
DA:156,2
DA:157,2
DA:158,2
DA:160,4
DA:161,4
DA:162,4
DA:163,2
DA:168,6
DA:169,4
DA:170,4
DA:171,4
DA:172,4
DA:174,2
DA:175,10
DA:182,12
DA:183,4
DA:184,10
DA:187,6
LF:85
LH:49
end_of_record
SF:lib\features\food_scanner\data\models\food_scanner_models.dart
DA:28,3
DA:41,1
DA:42,1
DA:44,0
DA:47,1
DA:49,1
DA:50,1
DA:51,1
DA:52,1
DA:53,2
DA:54,2
DA:55,2
DA:56,2
DA:57,1
DA:58,1
DA:63,1
DA:65,1
DA:66,2
DA:67,0
DA:68,0
DA:74,0
DA:75,0
DA:76,0
DA:77,0
DA:78,0
DA:79,0
DA:80,0
DA:81,0
DA:82,0
DA:83,0
DA:84,0
DA:88,0
DA:90,0
DA:91,0
DA:101,0
DA:112,0
DA:113,0
DA:114,0
DA:115,0
DA:116,0
DA:117,0
DA:118,0
DA:119,0
DA:121,0
DA:122,0
DA:123,0
DA:124,0
DA:125,0
DA:130,0
DA:131,0
DA:132,0
DA:133,0
DA:134,0
DA:135,0
DA:136,0
DA:138,0
DA:139,0
DA:140,0
DA:141,0
DA:142,0
DA:146,0
DA:147,0
DA:148,0
DA:149,0
DA:151,0
DA:154,0
DA:156,0
DA:157,0
DA:158,0
DA:163,0
DA:164,0
DA:165,0
DA:166,0
DA:167,0
DA:168,0
DA:169,0
DA:170,0
DA:171,0
DA:172,0
DA:177,0
DA:178,0
DA:179,0
DA:180,0
DA:181,0
DA:182,0
DA:183,0
DA:184,0
DA:185,0
DA:186,0
DA:201,1
LF:90
LH:18
end_of_record
SF:lib\features\food_scanner\domain\entities\scanned_food_entity.dart
DA:16,4
LF:1
LH:1
end_of_record
SF:lib\features\food_scanner\data\repositories\scanned_food_repository_impl.dart
DA:17,1
DA:20,0
DA:22,0
DA:24,1
DA:26,1
DA:29,4
DA:30,2
DA:31,1
DA:32,2
DA:34,4
DA:40,1
DA:41,1
DA:42,1
DA:43,1
DA:45,2
DA:48,1
DA:50,1
DA:51,1
DA:52,1
DA:53,1
DA:57,2
LF:21
LH:19
end_of_record
SF:lib\features\record_view_home\data\repositories\food_record_repository_impl.dart
DA:13,1
DA:14,0
DA:15,0
DA:17,1
DA:19,2
DA:21,1
DA:26,4
DA:28,1
DA:29,1
DA:30,2
DA:31,1
DA:32,1
DA:35,1
DA:36,1
DA:38,2
DA:41,1
DA:43,2
DA:44,1
DA:47,1
DA:48,1
DA:49,2
DA:50,1
DA:51,1
DA:53,3
DA:54,1
DA:55,2
DA:56,1
DA:57,1
DA:59,5
DA:62,0
DA:63,0
DA:67,1
DA:69,2
DA:71,1
DA:73,1
DA:74,1
DA:75,2
DA:76,1
DA:77,1
DA:78,1
LF:40
LH:36
end_of_record
SF:lib\services\cloudinary_service.dart
DA:14,1
DA:20,1
DA:21,1
DA:22,1
DA:23,0
DA:28,1
DA:31,1
DA:37,0
DA:38,0
DA:39,0
DA:42,0
DA:43,0
DA:45,0
DA:46,0
DA:49,0
DA:50,0
DA:53,0
DA:54,0
DA:57,0
DA:58,0
DA:60,0
DA:61,0
DA:62,0
DA:67,0
DA:68,0
DA:70,0
DA:71,0
LF:27
LH:6
end_of_record
SF:lib\features\food_scanner\di\food_scanner_injector.dart
DA:26,1
DA:51,5
DA:77,1
DA:79,1
DA:80,2
DA:83,1
DA:85,1
DA:86,1
DA:90,2
DA:92,1
DA:97,1
DA:98,1
DA:100,0
DA:101,0
DA:102,0
DA:103,0
DA:107,2
DA:112,2
DA:121,3
DA:122,2
DA:123,2
DA:124,0
DA:127,1
LF:23
LH:18
end_of_record
SF:lib\features\food_scanner\presentation\bloc\food_scan\food_scan_bloc.dart
DA:18,2
DA:21,2
DA:22,4
DA:23,4
DA:24,4
DA:25,4
DA:26,4
DA:30,1
DA:34,1
DA:36,2
DA:37,1
DA:40,1
DA:41,1
DA:45,1
DA:46,1
DA:47,3
DA:49,1
DA:50,2
DA:51,1
DA:52,3
DA:56,2
DA:57,1
DA:61,1
DA:62,1
DA:63,1
DA:64,1
DA:67,1
DA:68,3
DA:71,1
DA:76,0
DA:81,0
DA:83,0
DA:88,1
DA:92,1
DA:94,2
DA:95,1
DA:98,1
DA:99,1
DA:100,1
DA:101,1
DA:102,1
DA:106,0
DA:111,1
DA:118,1
DA:119,1
DA:120,3
DA:123,1
DA:124,2
DA:125,1
DA:126,3
DA:129,1
DA:130,1
DA:131,2
DA:135,0
DA:140,1
DA:144,1
DA:146,2
DA:147,1
DA:149,1
DA:150,1
DA:151,1
DA:154,1
DA:155,1
DA:156,4
DA:160,0
LF:65
LH:59
end_of_record
SF:lib\features\food_scanner\presentation\bloc\barcode\barcode_bloc.dart
DA:25,2
DA:31,2
DA:32,4
DA:33,4
DA:34,4
DA:35,4
DA:36,4
DA:37,4
DA:38,4
DA:39,4
DA:42,1
DA:46,1
DA:48,3
DA:49,3
DA:51,1
DA:55,0
DA:60,0
DA:62,0
DA:63,0
DA:64,0
DA:70,0
DA:74,0
DA:75,0
DA:77,0
DA:78,0
DA:80,0
DA:84,1
DA:88,1
DA:89,1
DA:91,2
DA:92,3
DA:94,0
DA:99,1
DA:103,1
DA:105,3
DA:106,3
DA:108,0
DA:113,1
DA:118,1
DA:120,1
DA:122,1
DA:123,1
DA:124,1
DA:129,0
DA:134,1
DA:138,1
DA:140,1
DA:142,1
DA:143,1
DA:145,2
DA:146,1
DA:149,1
DA:150,1
DA:151,1
DA:152,1
DA:153,1
DA:154,1
DA:157,3
DA:158,3
DA:160,0
DA:164,1
DA:168,1
DA:171,1
DA:172,1
DA:173,3
DA:174,3
DA:179,1
DA:181,1
DA:182,1
DA:183,3
DA:185,1
DA:186,4
DA:188,1
DA:189,1
DA:190,3
DA:192,1
DA:193,4
DA:195,1
DA:196,2
DA:197,3
LF:80
LH:65
end_of_record
SF:lib\features\food_scanner\presentation\bloc\camera\camera_bloc.dart
DA:14,2
DA:18,2
DA:19,4
DA:20,4
DA:21,4
DA:22,4
DA:23,4
DA:26,1
DA:30,1
DA:33,2
DA:34,1
DA:35,1
DA:36,1
DA:37,1
DA:40,1
DA:45,1
DA:47,0
DA:50,2
DA:51,1
DA:52,1
DA:53,1
DA:57,1
DA:58,3
DA:59,0
DA:62,2
DA:67,1
DA:69,1
DA:70,2
DA:71,1
DA:72,0
DA:73,0
DA:75,3
DA:76,1
DA:80,1
DA:84,1
DA:85,2
DA:86,2
DA:88,1
DA:89,1
DA:90,0
DA:94,1
DA:98,1
DA:100,2
DA:101,1
DA:104,2
DA:107,1
DA:111,1
DA:112,1
DA:115,0
DA:116,0
DA:120,0
DA:123,1
DA:126,0
DA:130,0
DA:133,2
DA:135,2
DA:138,2
DA:139,2
DA:141,2
DA:142,0
DA:144,1
DA:147,2
LF:62
LH:51
end_of_record
SF:lib\features\food_scanner\presentation\bloc\camera\camera_event.dart
DA:4,4
DA:8,4
DA:12,0
DA:16,4
DA:21,4
DA:27,0
LF:6
LH:4
end_of_record
SF:lib\features\food_scanner\services\food_recognition_service.dart
DA:16,2
DA:34,2
DA:37,1
DA:38,1
DA:41,1
DA:43,3
DA:44,1
DA:47,1
DA:48,2
DA:51,3
DA:52,3
DA:54,0
DA:55,0
DA:62,1
DA:63,4
DA:64,4
DA:66,2
DA:67,2
DA:68,1
DA:71,2
DA:75,1
DA:77,2
DA:78,2
DA:79,2
DA:80,2
DA:88,3
LF:26
LH:24
end_of_record
SF:lib\features\food_scanner\services\barcode_scanner_service.dart
DA:17,0
DA:20,0
DA:23,0
DA:24,0
DA:25,0
DA:33,0
DA:35,0
DA:40,0
DA:41,0
DA:45,0
DA:47,0
DA:49,0
DA:58,0
DA:63,0
DA:72,0
DA:74,0
DA:75,0
LF:17
LH:0
end_of_record
SF:lib\features\food_scanner\services\barcode_api_service.dart
DA:10,5
DA:22,1
DA:23,1
DA:24,1
DA:27,1
DA:28,3
DA:31,1
DA:39,2
DA:40,0
DA:41,0
DA:42,0
DA:43,0
DA:44,0
DA:51,1
DA:56,1
DA:57,3
DA:58,3
DA:60,0
DA:63,2
DA:65,1
DA:67,0
DA:68,0
DA:71,0
DA:72,0
DA:75,0
DA:76,0
DA:77,0
DA:78,0
DA:79,0
DA:80,0
DA:81,0
DA:82,0
DA:83,0
DA:84,0
DA:85,0
DA:88,1
DA:89,1
DA:90,1
DA:92,0
DA:93,0
DA:97,4
DA:98,4
DA:100,2
DA:101,2
DA:103,5
DA:104,4
DA:105,4
DA:107,1
DA:108,2
DA:111,1
DA:112,0
DA:117,1
DA:118,4
DA:119,4
DA:123,1
DA:124,3
DA:127,1
DA:128,2
DA:130,1
DA:132,1
DA:133,1
DA:135,2
DA:139,1
DA:141,1
DA:142,3
DA:143,2
DA:144,1
DA:146,1
DA:147,2
DA:149,3
DA:151,0
DA:152,0
DA:156,1
DA:158,4
DA:159,4
DA:161,2
DA:162,2
DA:164,5
DA:165,4
DA:166,4
DA:168,1
DA:169,0
DA:172,1
DA:173,4
DA:174,4
DA:178,0
DA:179,0
DA:182,0
DA:183,0
DA:185,0
DA:187,0
DA:188,0
DA:190,0
DA:194,0
DA:196,0
DA:197,0
DA:198,0
DA:199,0
DA:201,0
LF:99
LH:58
end_of_record
SF:lib\features\food_scanner\domain\usecases\save_scanned_food.dart
DA:8,4
DA:11,3
DA:23,3
DA:24,9
DA:27,3
DA:38,6
LF:6
LH:6
end_of_record
SF:lib\features\food_scanner\domain\usecases\request_camera_permission.dart
DA:10,2
DA:26,3
DA:34,2
DA:35,4
DA:38,2
DA:39,2
DA:40,2
DA:47,2
DA:48,1
DA:56,2
DA:57,0
DA:59,4
DA:60,2
DA:61,2
DA:62,1
DA:68,2
DA:69,1
DA:76,2
DA:83,0
LF:19
LH:17
end_of_record
SF:lib\features\food_scanner\domain\usecases\scan_barcode_from_image.dart
DA:12,3
DA:24,1
DA:25,2
LF:3
LH:3
end_of_record
SF:lib\features\food_scanner\domain\usecases\scan_barcode_from_camera_frame.dart
DA:9,3
DA:12,1
DA:13,2
LF:3
LH:3
end_of_record
SF:lib\features\food_scanner\domain\usecases\get_barcode_product_info.dart
DA:10,3
DA:13,2
DA:16,4
DA:18,1
DA:19,1
DA:20,1
DA:21,1
DA:22,1
DA:23,1
DA:24,1
DA:25,1
DA:26,1
DA:30,2
DA:36,4
LF:14
LH:14
end_of_record
SF:lib\features\food_scanner\di\food_scanner_locator.dart
DA:25,0
DA:26,0
DA:29,1
DA:32,0
DA:43,0
DA:44,0
DA:48,0
DA:49,0
DA:51,0
DA:52,0
DA:54,0
DA:55,0
DA:57,0
DA:58,0
DA:59,0
DA:60,0
DA:64,0
DA:65,0
DA:67,0
DA:68,0
DA:70,0
DA:71,0
DA:73,0
DA:74,0
DA:76,0
DA:77,0
DA:81,0
DA:82,0
DA:83,0
DA:84,0
DA:87,0
DA:88,0
DA:89,0
DA:90,0
DA:91,0
DA:92,0
DA:93,0
DA:96,0
DA:97,0
DA:98,0
DA:104,0
DA:106,0
LF:42
LH:1
end_of_record
SF:lib\features\food_scanner\di\scanner_dependency_resolver.dart
DA:15,1
DA:23,1
DA:24,1
DA:25,2
DA:26,2
DA:27,2
DA:28,2
DA:36,1
DA:38,1
DA:39,1
DA:40,0
DA:41,0
DA:42,0
DA:43,0
DA:44,0
DA:49,1
DA:50,1
DA:51,1
DA:52,1
DA:53,1
DA:54,1
DA:55,1
LF:22
LH:17
end_of_record
SF:lib\features\food_scanner\domain\entities\barcode_model.dart
DA:9,2
DA:17,0
DA:19,0
DA:20,0
DA:58,0
DA:59,0
DA:60,0
DA:62,0
DA:64,0
DA:66,0
DA:68,0
DA:70,0
DA:72,0
DA:74,0
DA:76,0
DA:78,0
DA:80,0
LF:17
LH:1
end_of_record
SF:lib\features\food_scanner\presentation\bloc\barcode\barcode_event.dart
DA:6,5
DA:12,0
DA:18,0
DA:25,0
DA:32,0
DA:40,0
DA:50,1
DA:58,1
DA:66,4
LF:9
LH:4
end_of_record
SF:lib\features\food_scanner\presentation\bloc\barcode\barcode_state.dart
DA:5,5
DA:9,4
DA:13,4
DA:18,0
DA:24,1
DA:29,1
DA:34,4
DA:41,0
DA:49,0
DA:60,1
DA:71,1
LF:11
LH:8
end_of_record
SF:lib\features\food_scanner\services\camera_adapter.dart
DA:6,5
DA:18,4
DA:20,0
DA:21,0
DA:23,0
DA:29,0
DA:30,0
LF:7
LH:2
end_of_record
SF:lib\features\food_scanner\services\camera_controller_facade.dart
DA:8,1
DA:36,0
DA:38,0
DA:39,0
DA:41,0
DA:43,0
DA:44,0
DA:45,0
DA:46,0
DA:47,0
DA:51,0
DA:52,0
DA:54,0
DA:55,0
DA:57,0
DA:59,0
DA:62,0
DA:63,0
DA:65,0
DA:66,0
LF:20
LH:1
end_of_record
SF:lib\features\food_scanner\presentation\bloc\camera\camera_state.dart
DA:5,5
DA:9,4
DA:14,4
DA:19,1
DA:24,5
DA:29,4
DA:35,0
LF:7
LH:6
end_of_record
SF:lib\features\food_scanner\presentation\bloc\food_scan\food_scan_event.dart
DA:5,0
DA:12,0
DA:19,0
DA:26,0
DA:35,0
DA:49,0
LF:6
LH:0
end_of_record
SF:lib\features\food_scanner\presentation\bloc\food_scan\food_scan_state.dart
DA:3,5
DA:7,4
DA:11,4
DA:16,1
DA:21,4
DA:27,0
DA:36,1
DA:46,1
LF:8
LH:7
end_of_record
SF:lib\features\food_scanner\presentation\controller\scanner_controller.dart
DA:29,1
DA:30,1
DA:31,1
DA:32,1
DA:34,0
DA:37,0
DA:38,0
DA:39,0
DA:40,0
DA:43,0
DA:44,0
DA:48,0
DA:49,0
DA:50,0
DA:51,0
DA:52,0
DA:53,0
DA:59,0
DA:60,0
DA:62,0
DA:63,0
DA:64,0
DA:65,0
DA:70,0
DA:71,0
DA:72,0
DA:73,0
DA:74,0
DA:75,0
DA:76,0
DA:77,0
DA:81,0
DA:82,0
DA:83,0
DA:84,0
DA:85,0
DA:86,0
DA:87,0
DA:88,0
DA:89,0
DA:90,0
DA:91,0
DA:93,0
DA:94,0
DA:96,0
DA:99,0
DA:100,0
DA:103,0
DA:106,0
DA:109,0
DA:111,0
DA:114,0
DA:115,0
DA:116,0
DA:117,0
DA:120,0
DA:121,0
DA:123,0
DA:129,0
DA:133,0
DA:134,0
DA:135,0
DA:136,0
DA:143,0
DA:144,0
DA:147,0
DA:148,0
DA:149,0
DA:152,0
DA:153,0
DA:156,0
DA:157,0
DA:158,0
DA:159,0
DA:160,0
DA:161,0
LF:76
LH:4
end_of_record
SF:lib\features\food_scanner\presentation\pages\food_scanner_page.dart
DA:16,5
DA:18,1
DA:19,1
DA:26,1
DA:28,1
DA:29,5
DA:32,1
DA:34,2
DA:35,1
DA:38,1
DA:40,1
DA:41,1
DA:42,3
DA:43,3
DA:44,3
DA:46,2
DA:47,2
DA:48,1
DA:49,1
DA:50,1
DA:51,2
DA:53,1
DA:54,2
DA:56,1
DA:57,2
DA:60,2
LF:26
LH:26
end_of_record
SF:lib\features\food_scanner\presentation\widgets\scanner_view.dart
DA:28,1
DA:30,1
DA:31,1
DA:38,1
DA:39,1
DA:40,1
DA:42,1
DA:45,1
DA:47,1
DA:50,1
DA:52,1
DA:58,0
DA:59,0
DA:60,0
DA:62,0
DA:65,1
DA:67,1
DA:68,1
DA:70,1
DA:72,1
DA:73,1
DA:74,1
DA:75,1
DA:76,1
DA:77,1
DA:79,1
DA:80,1
DA:82,1
DA:86,2
DA:87,2
DA:90,1
DA:91,1
DA:92,1
DA:93,1
DA:94,1
DA:95,1
DA:99,1
DA:100,1
DA:103,1
DA:104,1
DA:107,1
DA:108,0
DA:113,3
DA:116,1
DA:117,0
DA:121,0
DA:123,0
DA:126,1
DA:127,1
DA:128,1
DA:129,1
DA:130,1
DA:131,1
DA:132,2
DA:133,0
DA:136,1
DA:138,1
DA:139,1
DA:141,0
DA:142,3
DA:148,0
DA:149,0
DA:167,0
DA:168,0
DA:169,0
LF:65
LH:50
end_of_record
SF:lib\features\food_scanner\presentation\widgets\animated_scanner_background.dart
DA:5,4
DA:7,0
DA:8,0
DA:15,0
DA:17,0
DA:18,0
DA:21,0
DA:24,0
DA:26,0
DA:27,0
DA:30,0
DA:32,0
DA:33,0
DA:34,0
DA:35,0
DA:36,0
DA:37,0
DA:38,0
DA:41,0
DA:43,0
LF:20
LH:1
end_of_record
SF:lib\features\food_scanner\presentation\widgets\camera_preview_wrapper.dart
DA:15,1
DA:22,1
DA:24,1
DA:25,0
DA:26,0
DA:28,0
DA:29,0
DA:31,0
DA:37,1
DA:43,1
DA:44,0
DA:45,0
DA:51,0
DA:52,0
DA:56,0
DA:57,0
DA:58,0
DA:59,0
DA:60,0
DA:65,0
DA:67,0
DA:68,0
DA:70,0
LF:23
LH:5
end_of_record
SF:lib\features\food_scanner\presentation\widgets\mobile_barcode_scanner_view.dart
DA:9,0
DA:11,0
DA:12,0
DA:19,0
DA:21,0
DA:22,0
DA:30,0
DA:32,0
DA:33,0
DA:36,0
DA:37,0
DA:38,0
DA:39,0
DA:42,0
DA:43,0
DA:44,0
DA:45,0
DA:48,0
DA:50,0
DA:51,0
DA:57,0
DA:58,0
DA:60,0
DA:64,0
DA:66,0
DA:67,0
DA:68,0
LF:27
LH:0
end_of_record
SF:lib\features\food_scanner\presentation\widgets\scanned_product_card.dart
DA:13,0
DA:19,0
DA:21,0
DA:22,0
DA:23,0
DA:24,0
DA:26,0
DA:27,0
DA:29,0
DA:30,0
DA:31,0
DA:32,0
DA:34,0
DA:35,0
DA:36,0
DA:39,0
DA:44,0
DA:45,0
DA:48,0
DA:53,0
DA:54,0
DA:57,0
DA:62,0
DA:63,0
DA:66,0
DA:73,0
DA:75,0
DA:76,0
DA:77,0
DA:78,0
DA:79,0
DA:80,0
DA:85,0
DA:86,0
DA:87,0
DA:88,0
DA:93,0
DA:94,0
DA:98,0
DA:101,0
DA:102,0
DA:104,0
DA:105,0
DA:107,0
DA:108,0
DA:109,0
DA:111,0
DA:112,0
DA:117,0
DA:118,0
DA:120,0
DA:121,0
DA:125,0
DA:130,0
DA:132,0
DA:134,0
DA:137,0
DA:146,0
DA:147,0
DA:148,0
DA:150,0
DA:157,0
DA:159,0
DA:162,0
DA:166,0
DA:168,0
DA:169,0
DA:170,0
DA:171,0
DA:172,0
DA:173,0
DA:174,0
DA:176,0
DA:182,0
DA:183,0
DA:184,0
DA:191,0
DA:192,0
DA:193,0
DA:194,0
DA:195,0
DA:197,0
DA:198,0
DA:215,0
DA:217,0
DA:220,0
DA:222,0
DA:232,0
DA:239,0
DA:241,0
DA:244,0
DA:245,0
DA:246,0
DA:248,0
DA:250,0
DA:251,0
DA:253,0
DA:255,0
DA:256,0
DA:257,0
DA:258,0
DA:263,0
DA:264,0
DA:265,0
LF:104
LH:0
end_of_record
SF:lib\features\home_page\presentation\widgets\components\nutrient_color_scheme.dart
DA:45,4
DA:47,4
DA:49,4
DA:51,4
DA:53,3
DA:59,2
DA:61,2
DA:63,2
DA:65,2
DA:67,1
DA:73,1
LF:11
LH:11
end_of_record
SF:lib\features\food_scanner\presentation\widgets\scanner_bottom_overlay.dart
DA:14,2
DA:22,2
DA:24,2
DA:26,2
DA:27,2
DA:30,2
DA:31,2
DA:32,2
DA:37,2
DA:38,2
DA:39,2
DA:40,2
DA:41,2
LF:13
LH:13
end_of_record
SF:lib\features\food_scanner\presentation\widgets\scanner_widgets.dart
DA:20,2
DA:28,2
DA:30,2
DA:32,2
DA:33,2
DA:34,2
DA:35,2
DA:36,4
DA:37,2
DA:39,2
DA:41,6
DA:42,0
DA:47,2
DA:49,8
DA:51,6
DA:64,2
DA:70,2
DA:72,2
DA:74,2
DA:75,2
DA:79,2
DA:80,2
DA:81,2
DA:82,2
DA:84,2
DA:86,2
DA:87,2
DA:88,4
DA:89,2
DA:93,2
DA:94,4
DA:95,4
DA:110,2
DA:112,2
DA:114,2
DA:115,2
DA:116,2
DA:119,2
DA:120,2
DA:121,2
DA:124,2
DA:125,4
DA:127,4
DA:148,1
DA:156,1
DA:158,1
DA:160,1
DA:162,1
DA:163,1
DA:164,1
DA:165,1
DA:167,1
DA:170,1
DA:172,1
DA:177,1
DA:178,1
DA:179,1
DA:182,1
DA:183,1
DA:184,1
DA:197,1
DA:202,1
DA:204,1
DA:205,1
DA:207,1
DA:210,1
DA:211,2
DA:227,0
DA:234,0
DA:236,0
DA:237,0
DA:238,0
DA:239,0
DA:241,0
DA:245,0
DA:246,0
DA:248,0
DA:249,0
DA:250,0
DA:251,0
DA:252,0
DA:254,0
DA:255,0
DA:258,0
DA:259,0
DA:260,0
DA:261,0
DA:283,1
DA:288,1
DA:290,1
DA:291,1
DA:292,1
DA:293,1
LF:93
LH:72
end_of_record
SF:lib\features\food_scanner\presentation\widgets\scanner_help_sheet.dart
DA:6,4
DA:8,2
DA:10,2
DA:11,2
DA:13,2
DA:16,2
DA:17,2
DA:18,2
DA:19,2
DA:26,2
DA:27,2
DA:28,2
DA:29,2
DA:30,2
DA:31,4
DA:33,2
DA:35,2
DA:38,2
DA:39,2
DA:41,2
DA:56,2
DA:57,2
DA:63,2
LF:23
LH:23
end_of_record
SF:lib\features\food_scanner\presentation\widgets\scanner_layout.dart
DA:15,0
DA:20,0
DA:21,0
DA:24,0
DA:26,0
DA:27,0
DA:31,0
DA:32,0
DA:33,0
DA:37,0
DA:38,0
DA:40,0
LF:12
LH:0
end_of_record
SF:lib\features\food_scanner\presentation\widgets\scanner_preview.dart
DA:15,1
DA:25,1
DA:27,2
DA:30,1
DA:31,1
DA:32,1
DA:33,2
DA:34,0
DA:35,0
DA:37,0
DA:38,0
DA:39,0
DA:41,0
DA:42,0
DA:46,0
DA:47,0
LF:16
LH:7
end_of_record
SF:lib\features\food_scanner\presentation\widgets\scanner_styles.dart
DA:16,2
DA:22,2
DA:27,4
DA:33,0
DA:41,2
DA:42,2
DA:44,2
DA:45,2
DA:51,2
DA:53,1
DA:56,0
DA:57,0
DA:58,0
DA:61,4
DA:63,2
DA:66,4
DA:69,0
LF:17
LH:12
end_of_record
SF:lib\features\home_page\data\datasources\home_local_datasource.dart
DA:6,2
DA:7,2
DA:11,2
DA:12,2
LF:4
LH:4
end_of_record
SF:lib\features\home_page\data\repositories\home_repository_impl.dart
DA:9,1
DA:11,1
DA:13,2
DA:14,1
DA:17,1
DA:19,2
LF:6
LH:6
end_of_record
SF:lib\features\home_page\domain\entities\home_info.dart
DA:5,6
DA:9,3
DA:12,3
DA:13,0
LF:4
LH:3
end_of_record
SF:lib\features\home_page\di\home_di.dart
DA:17,0
DA:18,0
DA:22,0
DA:23,0
DA:27,0
DA:28,0
DA:33,0
DA:34,0
DA:38,0
DA:39,0
DA:43,0
DA:44,0
DA:45,0
DA:46,0
DA:47,0
DA:48,0
LF:16
LH:0
end_of_record
SF:lib\services\notification_service.dart
DA:10,2
DA:11,1
DA:13,2
DA:15,1
DA:26,1
DA:27,1
DA:30,1
DA:31,1
DA:40,2
DA:43,1
DA:46,1
DA:53,0
DA:54,0
DA:56,0
DA:59,1
DA:62,1
DA:66,1
DA:83,2
DA:92,1
DA:95,1
DA:97,1
DA:109,3
DA:111,2
DA:124,1
LF:24
LH:21
end_of_record
SF:lib\services\permission_service.dart
DA:5,3
DA:7,1
DA:8,1
DA:11,1
DA:16,0
DA:17,0
DA:18,0
DA:22,0
DA:23,0
DA:24,0
DA:30,0
DA:31,0
DA:32,0
DA:36,0
DA:37,0
DA:38,0
DA:42,0
DA:43,0
LF:18
LH:4
end_of_record
SF:lib\features\home_page\domain\usecases\get_home_info_usecase.dart
DA:8,1
DA:10,1
DA:11,2
LF:3
LH:3
end_of_record
SF:lib\features\home_page\presentation\providers\home_provider.dart
DA:22,0
DA:23,12
DA:24,6
DA:25,2
DA:27,4
DA:33,4
DA:36,4
DA:37,4
DA:38,4
DA:41,4
DA:42,12
DA:43,4
DA:46,3
DA:47,6
DA:48,9
DA:49,3
DA:53,2
DA:54,2
DA:55,2
DA:58,1
DA:59,1
DA:60,1
DA:63,1
DA:64,2
DA:67,4
DA:68,4
DA:71,8
DA:73,4
DA:77,3
DA:79,4
DA:83,2
LF:31
LH:30
end_of_record
SF:lib\features\home_page\domain\entities\nutrition_totals.dart
DA:7,2
DA:9,2
DA:10,3
DA:11,3
DA:12,3
DA:13,3
LF:6
LH:6
end_of_record
SF:lib\features\home_page\presentation\pages\add_food_page.dart
DA:12,4
DA:14,0
DA:15,0
DA:27,0
DA:29,0
DA:30,0
DA:31,0
DA:32,0
DA:33,0
DA:34,0
DA:37,0
DA:39,0
DA:40,0
DA:41,0
DA:42,0
DA:43,0
DA:44,0
DA:47,0
DA:48,0
DA:49,0
DA:50,0
DA:51,0
DA:52,0
DA:53,0
DA:54,0
DA:56,0
DA:65,0
DA:66,0
DA:67,0
DA:68,0
DA:69,0
DA:72,0
DA:74,0
DA:75,0
DA:80,0
DA:82,0
DA:83,0
DA:84,0
DA:85,0
DA:87,0
DA:90,0
DA:91,0
DA:92,0
DA:93,0
DA:94,0
DA:96,0
DA:101,0
DA:102,0
DA:106,0
DA:108,0
DA:109,0
DA:110,0
DA:112,0
DA:113,0
DA:114,0
DA:115,0
DA:116,0
DA:120,0
DA:121,0
DA:122,0
DA:124,0
DA:125,0
DA:128,0
DA:129,0
DA:130,0
DA:131,0
DA:132,0
DA:133,0
DA:135,0
DA:136,0
DA:140,0
DA:141,0
DA:142,0
DA:143,0
DA:145,0
DA:146,0
DA:152,0
DA:153,0
DA:154,0
DA:156,0
DA:157,0
DA:160,0
DA:161,0
DA:162,0
DA:164,0
DA:165,0
DA:167,0
DA:168,0
DA:174,0
DA:183,0
DA:190,0
DA:191,0
DA:192,0
DA:194,0
DA:197,0
DA:198,0
DA:200,0
DA:204,0
DA:208,0
DA:209,0
DA:210,0
DA:213,0
DA:214,0
DA:217,0
DA:218,0
DA:219,0
DA:222,0
DA:223,0
DA:224,0
DA:226,0
DA:228,0
DA:229,0
LF:112
LH:1
end_of_record
SF:lib\features\home_page\presentation\pages\daily_nutrition_detail_page.dart
DA:13,0
DA:19,0
DA:21,0
DA:27,0
DA:29,0
DA:30,0
DA:33,0
DA:35,0
DA:37,0
DA:38,0
DA:39,0
DA:40,0
DA:41,0
DA:42,0
DA:43,0
DA:44,0
DA:45,0
DA:46,0
DA:51,0
DA:55,0
DA:57,0
DA:58,0
DA:59,0
DA:60,0
DA:63,0
DA:64,0
DA:67,0
DA:69,0
DA:70,0
DA:72,0
DA:79,0
DA:83,0
DA:91,0
DA:92,0
DA:98,0
DA:100,0
DA:101,0
DA:103,0
DA:106,0
DA:107,0
DA:114,0
DA:115,0
DA:117,0
DA:119,0
DA:120,0
DA:121,0
DA:122,0
DA:128,0
LF:48
LH:0
end_of_record
SF:lib\features\record_view_home\presentation\widgets\record_details_sheet.dart
DA:8,2
DA:12,2
DA:14,2
DA:15,4
DA:17,2
DA:19,2
DA:20,2
DA:23,2
DA:24,2
DA:25,2
DA:26,4
DA:28,2
DA:29,2
DA:30,2
DA:34,2
DA:41,8
DA:42,0
DA:43,0
DA:44,0
DA:46,0
DA:50,0
DA:51,0
DA:52,0
DA:53,0
LF:24
LH:16
end_of_record
SF:lib\features\home_page\presentation\widgets\cards\calorie_goal_card.dart
DA:19,1
DA:27,1
DA:35,4
DA:36,1
DA:40,2
DA:41,2
DA:42,2
DA:43,2
DA:44,2
DA:45,2
DA:46,2
DA:50,1
DA:52,1
DA:64,4
DA:66,1
DA:67,2
DA:74,1
DA:80,1
DA:82,1
DA:83,1
DA:84,2
DA:85,1
DA:88,1
DA:90,2
DA:91,2
DA:92,1
DA:93,2
DA:94,1
DA:95,1
DA:97,1
DA:99,1
DA:100,1
DA:102,1
DA:103,2
DA:104,1
DA:105,1
DA:106,1
DA:110,1
DA:114,8
DA:116,1
DA:119,2
DA:122,2
DA:123,1
DA:125,1
DA:127,1
DA:128,1
DA:129,1
DA:130,5
DA:132,1
DA:136,1
DA:140,1
DA:141,1
DA:143,2
DA:146,2
DA:147,1
DA:148,1
DA:149,5
DA:151,1
DA:155,1
DA:157,1
DA:158,1
DA:160,2
DA:163,2
DA:164,1
DA:165,1
DA:166,5
DA:168,1
DA:172,1
DA:174,1
DA:175,1
DA:177,2
DA:185,2
DA:188,1
DA:189,1
DA:190,3
DA:191,2
DA:192,1
DA:193,1
DA:194,6
DA:195,1
DA:196,1
DA:198,2
DA:202,1
DA:203,1
DA:204,1
DA:205,1
DA:206,1
DA:208,1
DA:209,2
LF:89
LH:89
end_of_record
SF:lib\features\home_page\presentation\pages\home_page.dart
DA:32,6
DA:55,2
DA:56,2
DA:62,2
DA:63,4
DA:64,2
DA:65,2
DA:68,2
DA:70,2
DA:72,6
DA:75,8
DA:76,4
DA:77,2
DA:78,2
DA:79,2
DA:80,0
DA:81,0
DA:83,0
DA:84,0
DA:85,0
DA:86,0
DA:88,2
DA:91,6
DA:92,2
DA:93,0
DA:94,0
DA:98,2
DA:100,2
DA:103,0
DA:104,0
DA:105,0
DA:106,0
DA:107,0
DA:113,0
DA:114,0
DA:115,0
DA:116,0
DA:117,0
DA:119,0
DA:126,2
DA:128,2
DA:129,2
DA:131,4
DA:133,4
DA:135,8
DA:137,2
DA:138,2
DA:139,2
DA:140,2
DA:144,2
DA:145,2
DA:148,4
DA:149,2
DA:150,2
DA:151,2
DA:153,2
DA:154,2
DA:155,4
DA:156,6
DA:166,2
DA:168,4
DA:169,6
DA:170,4
DA:171,2
DA:172,2
DA:173,0
DA:174,0
DA:175,1
DA:176,1
DA:177,2
DA:178,0
DA:185,2
DA:186,2
DA:187,2
DA:195,1
DA:196,1
DA:200,0
DA:201,0
DA:205,1
DA:207,1
DA:208,1
DA:209,1
DA:212,1
DA:213,1
DA:219,1
DA:222,1
DA:223,2
DA:224,1
DA:225,1
DA:226,1
DA:234,1
DA:235,1
DA:236,1
DA:237,1
DA:238,1
DA:239,1
DA:240,3
DA:245,1
DA:246,3
DA:252,0
DA:253,0
DA:254,0
DA:255,0
DA:259,1
DA:260,3
DA:261,3
DA:262,1
DA:263,1
DA:264,1
DA:266,3
DA:267,1
DA:268,2
DA:277,1
DA:278,1
DA:281,1
DA:282,0
DA:285,1
LF:117
LH:88
end_of_record
SF:lib\features\home_page\presentation\widgets\navigation\floating_action_button.dart
DA:13,3
DA:22,3
DA:24,3
DA:25,9
DA:27,3
DA:28,6
DA:31,3
DA:39,3
DA:43,3
DA:46,3
DA:47,3
DA:48,0
DA:50,3
DA:52,3
DA:54,3
DA:56,3
DA:57,3
DA:58,3
DA:59,3
DA:61,3
DA:62,1
DA:63,1
DA:64,2
DA:69,3
DA:70,3
DA:72,3
DA:73,2
DA:74,2
DA:75,4
DA:83,3
DA:84,3
DA:85,3
DA:86,3
DA:89,3
DA:90,2
DA:91,2
DA:92,4
DA:97,3
DA:98,3
DA:100,3
DA:101,2
DA:102,2
DA:103,4
DA:111,3
DA:113,3
DA:114,3
DA:115,18
DA:116,3
DA:118,3
DA:119,1
DA:120,1
DA:121,2
DA:143,3
DA:149,3
DA:151,9
DA:156,0
DA:157,0
DA:158,0
DA:175,0
DA:176,0
DA:177,0
DA:179,0
DA:180,0
DA:183,0
DA:188,0
DA:190,0
DA:191,0
DA:193,0
DA:194,0
DA:195,0
DA:212,3
DA:214,3
DA:216,3
DA:218,3
DA:219,3
DA:220,3
DA:221,3
DA:223,3
DA:225,3
DA:226,6
DA:228,3
DA:229,3
DA:230,3
LF:83
LH:67
end_of_record
SF:lib\features\home_page\presentation\widgets\navigation\bottom_navigation_bar.dart
DA:10,3
DA:16,3
DA:18,3
DA:19,3
DA:22,6
DA:24,3
DA:27,4
DA:28,3
DA:29,3
DA:30,3
DA:31,3
DA:32,3
DA:34,3
DA:40,3
DA:42,3
DA:49,3
DA:52,6
DA:54,3
DA:61,2
DA:63,2
DA:67,2
DA:68,4
LF:22
LH:22
end_of_record
SF:lib\features\home_page\presentation\widgets\shared\guided_fab.dart
DA:14,2
DA:23,2
DA:25,4
DA:27,0
DA:30,0
DA:31,0
DA:33,0
DA:34,0
DA:35,0
DA:36,0
DA:37,0
DA:38,0
DA:39,0
LF:13
LH:3
end_of_record
SF:lib\features\record_view_home\presentation\cubit\record_state.dart
DA:8,10
DA:10,0
DA:11,0
DA:21,4
DA:23,0
DA:24,0
DA:30,1
DA:32,0
DA:33,0
DA:40,6
DA:43,4
DA:44,12
DA:49,0
DA:58,0
DA:60,0
DA:61,0
DA:63,0
DA:64,0
DA:66,0
DA:67,0
DA:70,0
DA:73,0
DA:74,0
DA:75,0
DA:79,0
DA:80,0
DA:81,0
DA:90,4
DA:92,2
DA:94,4
DA:95,2
DA:97,2
DA:98,2
DA:100,2
DA:101,2
DA:104,2
DA:107,2
DA:108,2
DA:109,4
DA:110,2
DA:114,2
DA:115,2
DA:116,4
DA:117,4
LF:44
LH:23
end_of_record
SF:lib\features\home_page\presentation\widgets\food_scanned\food_scanned_detail.dart
DA:21,0
DA:23,0
DA:25,0
DA:27,0
DA:30,0
DA:31,0
DA:32,0
DA:34,0
DA:37,0
DA:39,0
DA:41,0
DA:42,0
DA:44,0
DA:48,0
DA:49,0
DA:50,0
DA:51,0
DA:52,0
DA:53,0
DA:58,0
DA:59,0
DA:67,0
DA:68,0
DA:69,0
DA:70,0
DA:71,0
DA:72,0
DA:73,0
DA:74,0
DA:76,0
DA:77,0
DA:78,0
DA:80,0
DA:81,0
DA:82,0
DA:85,0
DA:86,0
DA:87,0
DA:88,0
DA:92,0
DA:93,0
DA:94,0
DA:96,0
DA:97,0
DA:98,0
DA:108,0
DA:109,0
DA:111,0
DA:115,0
DA:116,0
DA:118,0
DA:120,0
DA:122,0
DA:124,0
DA:125,0
DA:126,0
DA:132,0
DA:133,0
DA:134,0
DA:135,0
DA:136,0
DA:138,0
DA:143,0
DA:145,0
DA:147,0
DA:148,0
DA:149,0
DA:150,0
DA:154,0
DA:156,0
DA:157,0
DA:158,0
DA:160,0
DA:162,0
DA:163,0
DA:173,0
DA:179,0
DA:181,0
DA:182,0
DA:183,0
DA:184,0
DA:185,0
DA:186,0
DA:187,0
DA:190,0
DA:191,0
DA:194,0
DA:195,0
DA:196,0
DA:197,0
DA:199,0
DA:200,0
DA:202,0
DA:203,0
DA:204,0
DA:208,0
DA:209,0
LF:97
LH:0
end_of_record
SF:lib\features\home_page\presentation\widgets\layout\home_content.dart
DA:25,1
DA:32,1
DA:33,1
DA:40,1
DA:41,2
DA:42,1
DA:43,1
DA:46,1
DA:48,1
DA:49,2
DA:50,3
DA:51,2
DA:52,0
DA:53,0
DA:54,0
DA:55,0
DA:59,1
DA:62,1
DA:63,1
DA:65,0
DA:67,0
DA:68,0
DA:69,0
DA:70,0
DA:71,0
DA:72,0
DA:73,0
DA:74,0
DA:75,0
DA:76,0
DA:81,0
DA:85,1
DA:87,2
DA:88,1
DA:91,1
DA:93,1
DA:94,1
DA:95,1
DA:97,1
DA:98,2
DA:99,1
DA:100,1
DA:101,2
DA:102,5
DA:103,0
DA:107,1
DA:108,1
DA:112,1
DA:113,1
DA:114,1
DA:117,3
DA:118,1
DA:121,2
DA:124,2
DA:126,4
DA:128,1
DA:132,2
DA:134,2
DA:135,1
DA:136,2
DA:137,2
DA:140,1
DA:142,2
DA:143,0
DA:148,1
DA:149,1
DA:150,2
DA:151,1
DA:152,2
DA:154,1
DA:156,4
DA:157,1
DA:159,2
DA:161,1
DA:162,1
DA:163,2
DA:164,1
DA:166,1
DA:167,1
DA:169,0
DA:170,0
DA:173,2
DA:174,1
DA:175,1
DA:178,1
DA:180,0
DA:181,0
DA:183,2
DA:184,1
DA:187,1
DA:189,2
DA:193,2
DA:194,1
DA:195,1
DA:197,0
DA:203,1
DA:204,1
DA:205,1
DA:207,1
DA:209,2
DA:210,0
DA:211,1
DA:212,1
DA:216,1
DA:217,1
DA:218,1
DA:219,1
DA:221,1
DA:226,2
DA:229,2
LF:110
LH:86
end_of_record
SF:lib\features\home_page\presentation\pages\nutrition_summary_page.dart
DA:10,1
DA:16,1
DA:18,1
DA:19,1
DA:20,1
DA:22,1
DA:24,1
DA:25,1
DA:26,1
DA:27,1
DA:28,1
DA:31,1
DA:33,3
DA:35,1
DA:40,1
DA:42,2
DA:52,1
DA:53,1
DA:54,3
DA:55,3
LF:20
LH:20
end_of_record
SF:lib\features\home_page\presentation\widgets\nutrition_summary\monthly_report.dart
DA:12,1
DA:14,0
DA:16,0
DA:17,0
DA:18,0
DA:20,0
DA:21,0
DA:22,0
DA:23,0
DA:24,0
DA:25,0
DA:26,0
DA:27,0
DA:28,0
DA:31,0
DA:33,0
DA:37,0
LF:17
LH:1
end_of_record
SF:lib\features\home_page\presentation\widgets\nutrition_summary\weekly_report.dart
DA:11,1
DA:13,1
DA:15,6
DA:16,4
DA:18,8
DA:19,1
DA:20,0
DA:21,0
DA:22,0
DA:23,0
DA:24,0
DA:25,0
DA:26,0
DA:29,5
DA:31,1
LF:15
LH:8
end_of_record
SF:lib\features\home_page\presentation\widgets\calendar\calendar_date_utils.dart
DA:11,1
DA:18,0
DA:21,1
DA:22,1
DA:23,1
DA:24,3
DA:28,1
DA:32,1
DA:33,2
DA:34,1
DA:36,2
DA:37,2
DA:41,1
DA:43,1
DA:45,1
DA:51,2
LF:16
LH:15
end_of_record
SF:lib\features\home_page\presentation\widgets\calendar\day_item.dart
DA:13,1
DA:22,1
DA:24,4
DA:25,4
DA:33,2
DA:34,1
DA:35,1
DA:37,3
DA:42,1
DA:45,0
DA:47,1
DA:53,1
DA:55,3
DA:56,6
DA:61,3
DA:62,1
DA:63,3
DA:68,1
DA:70,1
DA:71,2
DA:77,3
DA:78,0
DA:79,0
DA:80,0
DA:82,0
DA:84,0
DA:86,0
DA:87,0
DA:94,1
DA:95,3
DA:96,1
DA:98,1
DA:99,2
DA:107,1
DA:108,4
DA:109,1
DA:110,2
DA:111,1
DA:112,2
DA:115,1
DA:117,1
DA:118,1
DA:120,1
DA:121,2
DA:126,3
DA:134,1
DA:135,1
DA:136,0
DA:137,0
DA:139,0
DA:141,0
DA:143,0
DA:145,0
DA:147,0
DA:149,0
DA:154,3
LF:56
LH:40
end_of_record
SF:lib\features\home_page\presentation\widgets\calendar\week_calendar_controller.dart
DA:11,1
DA:12,1
DA:13,1
DA:14,3
DA:15,1
DA:18,0
DA:19,2
DA:21,1
DA:22,1
DA:23,1
DA:24,1
DA:28,0
DA:29,0
DA:30,0
DA:33,0
DA:34,0
DA:35,0
DA:39,0
DA:40,0
DA:41,0
DA:44,0
DA:45,0
DA:46,0
LF:23
LH:10
end_of_record
SF:lib\features\home_page\presentation\widgets\calendar\week_calendar_widget.dart
DA:15,1
DA:22,1
DA:23,1
DA:29,1
DA:31,1
DA:32,4
DA:33,3
DA:36,0
DA:37,0
DA:40,1
DA:42,3
DA:43,1
DA:46,1
DA:48,1
DA:49,1
DA:50,1
DA:51,1
DA:53,4
DA:54,2
DA:56,1
DA:57,2
DA:58,1
DA:59,2
DA:60,2
DA:61,1
DA:62,1
DA:63,5
DA:69,1
DA:71,1
DA:72,3
DA:73,1
DA:74,2
DA:76,1
DA:82,1
DA:83,1
DA:85,1
DA:86,1
DA:87,1
DA:89,1
DA:91,2
DA:95,1
DA:97,1
DA:98,1
DA:100,2
DA:103,1
DA:104,1
DA:106,1
DA:108,2
DA:116,1
DA:122,1
DA:124,2
DA:125,1
DA:130,0
DA:131,0
DA:132,0
DA:135,1
LF:56
LH:51
end_of_record
SF:lib\features\home_page\presentation\widgets\components\calorie_ring.dart
DA:7,1
DA:46,1
DA:48,1
DA:50,1
DA:51,3
DA:53,1
DA:54,1
DA:55,1
DA:56,1
DA:58,1
DA:60,3
DA:61,0
DA:62,0
DA:63,0
DA:64,0
DA:66,0
DA:67,0
DA:68,0
DA:76,1
DA:77,2
DA:78,1
DA:79,1
DA:80,1
DA:81,1
DA:83,1
DA:84,1
DA:85,1
DA:86,1
DA:87,1
DA:88,1
DA:89,1
DA:90,1
DA:94,1
DA:95,3
DA:96,1
DA:98,1
DA:99,1
DA:101,1
DA:102,1
DA:104,1
DA:105,2
DA:107,2
DA:111,3
DA:112,1
DA:114,1
DA:115,1
DA:117,1
DA:119,2
DA:121,3
DA:129,1
DA:130,1
DA:131,1
DA:132,1
DA:133,1
DA:134,1
DA:135,1
DA:144,1
DA:172,1
DA:174,1
DA:175,1
DA:176,4
DA:178,1
DA:179,2
DA:180,1
DA:181,2
DA:182,1
DA:183,1
DA:185,1
DA:186,1
DA:187,2
DA:188,1
DA:189,1
DA:192,4
DA:193,2
DA:194,1
DA:195,2
DA:196,2
DA:198,0
DA:202,2
DA:204,0
DA:205,0
DA:206,0
DA:207,0
DA:208,0
DA:215,1
DA:216,1
DA:218,1
DA:225,3
DA:226,1
DA:227,1
DA:228,1
DA:235,2
DA:236,0
DA:237,0
DA:238,0
DA:239,0
DA:240,0
DA:241,0
DA:242,0
DA:243,0
DA:244,0
DA:245,0
DA:246,0
DA:247,0
DA:248,0
DA:249,0
DA:250,0
DA:252,0
DA:253,0
DA:254,0
DA:256,0
DA:261,1
DA:263,3
DA:264,3
DA:265,3
DA:266,3
DA:267,3
DA:268,3
DA:269,3
DA:270,3
DA:271,3
DA:272,3
DA:273,3
DA:274,3
DA:279,1
DA:293,1
DA:295,5
DA:296,4
DA:297,5
DA:298,1
DA:299,4
DA:300,4
DA:303,1
DA:304,4
DA:305,4
DA:306,1
DA:307,1
DA:308,1
DA:309,1
DA:310,1
DA:312,1
DA:313,3
LF:142
LH:110
end_of_record
SF:lib\features\home_page\presentation\widgets\components\nutrient_item.dart
DA:6,1
DA:25,1
DA:27,1
DA:28,2
DA:31,2
DA:33,1
DA:35,1
DA:37,1
DA:39,1
DA:41,1
DA:42,1
DA:43,1
DA:44,1
DA:45,1
DA:47,2
DA:49,1
DA:50,1
DA:51,1
DA:52,1
DA:55,2
DA:65,1
DA:67,1
DA:68,1
DA:70,1
DA:71,0
DA:74,0
DA:80,1
DA:83,0
DA:84,0
DA:85,0
DA:90,0
DA:93,0
DA:96,0
LF:33
LH:25
end_of_record
SF:lib\features\home_page\presentation\widgets\food_scanned\food_image_widget.dart
DA:10,0
DA:16,0
DA:18,0
DA:19,0
DA:22,0
DA:23,0
DA:26,0
DA:27,0
DA:29,0
DA:30,0
DA:38,0
DA:40,0
DA:41,0
DA:44,0
DA:47,0
DA:50,0
DA:51,0
DA:57,0
DA:58,0
DA:59,0
DA:60,0
DA:61,0
DA:63,0
DA:64,0
DA:66,0
DA:69,0
DA:70,0
DA:72,0
DA:74,0
DA:83,0
DA:84,0
DA:85,0
DA:86,0
LF:33
LH:0
end_of_record
SF:lib\features\home_page\presentation\widgets\food_scanned\food_scanned_card.dart
DA:18,1
DA:27,1
DA:29,1
DA:30,3
DA:31,2
DA:33,1
DA:34,1
DA:35,2
DA:36,1
DA:37,1
DA:38,3
DA:41,1
DA:42,1
DA:43,1
DA:50,1
DA:52,1
DA:53,2
DA:54,1
DA:55,1
DA:56,1
DA:61,2
DA:63,1
DA:70,1
DA:72,1
DA:75,1
DA:76,1
DA:77,1
DA:79,1
DA:80,1
DA:81,1
DA:82,2
DA:91,1
DA:92,1
DA:93,2
DA:101,1
DA:102,1
DA:103,1
DA:108,2
DA:109,1
DA:112,1
DA:113,3
LF:41
LH:41
end_of_record
SF:lib\features\home_page\presentation\widgets\shared\plus_button.dart
DA:15,1
DA:26,1
DA:28,1
DA:30,1
DA:31,1
DA:33,1
DA:34,1
DA:35,1
DA:37,2
DA:38,3
DA:42,1
DA:43,1
DA:44,1
DA:45,1
DA:47,3
DA:48,1
DA:49,2
DA:51,1
DA:55,3
LF:19
LH:19
end_of_record
SF:lib\features\home_page\presentation\widgets\food_scanned\food_scanned_info.dart
DA:13,3
DA:23,1
DA:24,3
DA:25,3
DA:26,1
DA:29,3
DA:30,9
DA:31,3
DA:35,3
DA:37,3
DA:39,3
DA:41,3
DA:42,3
DA:44,3
DA:45,3
DA:46,3
DA:47,3
DA:50,9
DA:55,4
DA:57,4
DA:62,3
DA:63,3
DA:64,3
DA:65,3
DA:69,3
DA:70,24
DA:71,9
DA:72,3
DA:79,4
DA:81,1
DA:82,1
DA:83,1
DA:84,1
DA:85,3
DA:88,1
DA:89,1
DA:90,3
DA:93,1
DA:94,1
DA:95,3
DA:104,1
DA:106,0
DA:112,1
DA:114,1
DA:116,1
DA:117,1
DA:119,1
DA:120,3
DA:121,1
DA:123,1
DA:124,1
DA:125,3
DA:126,3
DA:138,1
DA:143,1
DA:145,1
DA:147,1
DA:148,2
DA:150,1
DA:151,1
DA:152,4
LF:61
LH:60
end_of_record
SF:lib\features\home_page\presentation\widgets\shared\options_menu_for_plus_button.dart
DA:22,1
DA:32,1
DA:34,1
DA:35,1
DA:36,1
DA:38,1
DA:39,1
DA:45,0
DA:47,0
DA:50,0
DA:51,0
DA:56,0
DA:58,0
DA:61,0
DA:62,0
DA:65,0
DA:66,0
DA:67,0
DA:68,0
DA:70,0
DA:71,0
DA:74,1
DA:75,0
DA:78,0
DA:79,0
DA:82,1
DA:84,1
DA:85,1
DA:88,1
DA:90,1
DA:91,2
LF:31
LH:14
end_of_record
SF:lib\utils\performance_utils.dart
DA:8,0
DA:10,0
DA:11,0
DA:12,0
DA:16,2
DA:21,6
DA:22,4
DA:23,4
DA:25,4
DA:29,2
DA:37,2
DA:38,2
DA:39,2
DA:40,2
DA:48,2
DA:50,1
DA:53,1
DA:55,0
DA:57,0
DA:60,0
DA:69,1
DA:70,1
LF:22
LH:15
end_of_record
SF:lib\features\home_page\presentation\widgets\sections\recently_logged_section.dart
DA:26,1
DA:39,1
DA:41,1
DA:42,1
DA:43,2
DA:44,2
DA:47,1
DA:49,1
DA:50,1
DA:51,2
DA:53,1
DA:55,1
DA:58,1
DA:59,1
DA:61,1
DA:63,1
DA:64,1
DA:66,0
DA:67,1
DA:68,1
DA:69,0
DA:70,0
DA:71,0
DA:72,0
DA:73,0
DA:74,0
DA:83,0
DA:84,0
DA:85,0
DA:88,0
DA:91,1
DA:97,1
DA:99,1
DA:100,1
DA:101,1
DA:102,1
DA:103,1
DA:105,3
DA:108,1
DA:109,1
DA:110,1
DA:111,1
DA:112,1
DA:113,1
DA:114,1
DA:116,3
DA:124,1
DA:125,1
DA:126,6
DA:127,1
DA:128,0
DA:130,1
DA:131,2
DA:132,1
DA:133,1
DA:134,2
DA:140,1
DA:144,1
DA:145,6
DA:146,1
DA:147,0
DA:149,1
DA:150,2
DA:151,1
DA:152,1
DA:153,2
LF:66
LH:53
end_of_record
SF:lib\features\home_page\presentation\widgets\nutrition_summary\calories_bar_chart.dart
DA:12,1
DA:19,1
DA:21,1
DA:22,2
DA:23,2
DA:24,2
DA:27,3
DA:28,2
DA:30,1
DA:32,1
DA:33,1
DA:35,1
DA:36,1
DA:37,1
DA:38,0
DA:39,0
DA:40,0
DA:41,0
DA:42,0
DA:47,1
DA:55,1
DA:56,1
DA:58,1
DA:59,6
DA:61,1
DA:65,3
DA:66,1
DA:68,1
DA:69,2
DA:70,1
DA:71,1
DA:85,1
DA:87,5
DA:88,1
DA:89,1
DA:91,6
DA:93,1
DA:95,1
DA:96,1
DA:97,1
DA:98,2
DA:99,1
DA:101,1
DA:102,1
DA:103,1
DA:105,1
DA:106,2
DA:111,1
LF:48
LH:43
end_of_record
SF:lib\features\home_page\presentation\widgets\nutrition_summary\daily_item.dart
DA:11,1
DA:13,1
DA:16,5
DA:17,5
DA:18,5
DA:20,1
DA:21,2
DA:22,1
DA:26,1
DA:30,1
DA:35,1
DA:37,1
DA:38,2
DA:39,1
DA:40,1
DA:42,3
DA:43,2
DA:47,1
DA:48,1
DA:50,1
DA:52,1
DA:54,2
DA:55,2
DA:56,1
DA:58,1
DA:59,1
DA:60,1
DA:61,4
DA:62,1
DA:65,2
DA:66,3
DA:69,1
DA:70,3
DA:71,1
DA:75,2
DA:76,2
DA:84,1
DA:85,1
DA:87,1
DA:88,1
DA:89,4
DA:96,1
DA:97,1
DA:98,1
DA:99,1
DA:100,2
DA:104,1
DA:105,1
DA:106,2
DA:110,1
DA:111,1
DA:112,2
DA:125,1
DA:126,1
DA:127,2
DA:128,1
LF:56
LH:56
end_of_record
SF:lib\features\home_page\presentation\widgets\nutrition_summary\report_view.dart
DA:15,1
DA:24,1
DA:26,1
DA:28,1
DA:29,1
DA:31,1
DA:33,1
DA:34,1
DA:35,1
DA:36,3
DA:41,2
DA:43,1
DA:45,3
DA:50,1
DA:53,1
DA:54,2
DA:55,1
DA:56,3
DA:58,1
DA:59,1
DA:60,1
DA:61,1
DA:65,1
DA:67,3
DA:72,1
DA:75,2
DA:76,1
DA:77,1
DA:78,6
DA:80,6
DA:81,0
DA:82,1
LF:32
LH:31
end_of_record
SF:lib\features\home_page\presentation\widgets\nutrition_summary\summary_cards.dart
DA:9,1
DA:11,1
DA:13,1
DA:14,2
DA:15,1
DA:19,1
DA:23,1
DA:28,1
DA:29,1
DA:30,1
DA:31,1
DA:33,3
DA:35,3
DA:39,1
DA:40,1
DA:41,1
DA:42,1
DA:45,4
DA:47,1
DA:50,1
DA:53,4
DA:55,1
DA:58,1
DA:61,4
DA:63,1
DA:72,1
DA:73,1
DA:76,1
DA:77,1
DA:78,1
DA:79,2
DA:81,1
DA:84,1
DA:87,1
DA:89,1
DA:95,1
DA:96,1
DA:97,1
DA:98,1
DA:107,1
DA:114,1
DA:115,1
DA:117,1
DA:118,2
DA:119,1
DA:120,3
DA:122,1
DA:123,1
DA:124,1
DA:126,1
DA:128,1
DA:129,3
DA:134,1
DA:136,1
LF:54
LH:54
end_of_record
SF:lib\features\home_page\presentation\widgets\shared\empty_state_card.dart
DA:16,1
DA:26,1
DA:28,1
DA:29,1
DA:33,1
DA:34,1
DA:35,1
DA:37,1
DA:38,1
DA:40,3
DA:43,2
DA:44,1
DA:45,1
DA:47,1
DA:48,1
DA:50,4
DA:53,1
DA:54,0
DA:55,0
DA:60,1
DA:61,3
DA:62,1
DA:65,1
DA:66,3
DA:67,1
DA:68,2
DA:69,1
DA:70,1
DA:71,1
DA:72,3
DA:73,2
DA:74,1
DA:75,4
LF:33
LH:31
end_of_record
SF:lib\features\home_page\presentation\widgets\shared\animated_arrow_pointer.dart
DA:17,0
DA:25,0
DA:26,0
DA:34,0
DA:36,0
DA:37,0
DA:38,0
DA:40,0
DA:42,0
DA:43,0
DA:47,0
DA:49,0
DA:50,0
DA:53,0
DA:55,0
DA:56,0
DA:57,0
DA:59,0
DA:60,0
DA:61,0
DA:62,0
DA:63,0
DA:64,0
DA:65,0
DA:66,0
DA:79,0
DA:81,0
DA:83,0
DA:85,0
DA:86,0
DA:87,0
DA:88,0
DA:89,0
DA:90,0
DA:91,0
DA:93,0
DA:94,0
DA:95,0
DA:96,0
DA:97,0
DA:98,0
DA:100,0
DA:101,0
DA:104,0
DA:105,0
DA:106,0
DA:107,0
DA:108,0
DA:109,0
DA:110,0
DA:114,0
DA:115,0
DA:116,0
DA:121,0
DA:122,0
DA:123,0
DA:124,0
DA:125,0
DA:128,0
DA:130,0
LF:60
LH:0
end_of_record
SF:lib\features\profile_view_home\data\datasources\profile_local_datasource.dart
DA:7,0
DA:8,0
DA:11,0
DA:12,0
DA:13,0
LF:5
LH:0
end_of_record
SF:lib\features\profile_view_home\data\datasources\profile_remote_datasource.dart
DA:12,0
DA:15,0
DA:17,0
DA:20,0
DA:21,0
DA:25,0
DA:26,0
DA:30,0
DA:31,0
DA:32,0
DA:37,0
DA:38,0
DA:42,0
DA:43,0
LF:14
LH:0
end_of_record
SF:lib\features\profile_view_home\data\repositories\profile_repository_impl.dart
DA:14,0
DA:20,0
DA:22,0
DA:25,0
DA:28,0
DA:29,0
DA:30,0
DA:31,0
DA:32,0
DA:36,0
DA:39,0
DA:41,0
DA:44,0
DA:46,0
DA:49,0
DA:51,0
DA:53,0
DA:57,0
DA:58,0
DA:59,0
DA:60,0
DA:61,0
DA:62,0
DA:63,0
DA:64,0
DA:65,0
DA:66,0
DA:67,0
DA:68,0
DA:69,0
DA:73,0
DA:76,0
DA:78,0
DA:81,0
DA:83,0
LF:35
LH:0
end_of_record
SF:lib\features\profile_view_home\domain\entities\profile_entity.dart
DA:17,2
DA:32,0
DA:33,0
DA:34,0
DA:35,0
DA:36,0
DA:37,0
DA:38,0
DA:39,0
DA:40,0
DA:41,0
DA:42,0
DA:43,0
DA:44,0
DA:48,2
DA:60,2
DA:61,2
DA:62,1
DA:63,2
DA:64,2
DA:65,2
DA:66,2
DA:67,2
DA:68,2
DA:69,2
DA:70,2
DA:71,1
LF:27
LH:14
end_of_record
SF:lib\features\profile_view_home\domain\usecases\get_user_profile_usecase.dart
DA:8,4
DA:10,3
DA:11,6
DA:14,2
DA:15,4
LF:5
LH:5
end_of_record
SF:lib\features\profile_view_home\domain\usecases\upload_avatar_usecase.dart
DA:8,4
DA:10,2
DA:11,4
LF:3
LH:3
end_of_record
SF:lib\features\profile_view_home\domain\usecases\sign_out_usecase.dart
DA:7,4
DA:9,2
DA:10,4
DA:11,4
LF:4
LH:4
end_of_record
SF:lib\features\profile_view_home\domain\usecases\update_user_profile_usecase.dart
DA:8,4
DA:10,3
DA:11,6
LF:3
LH:3
end_of_record
SF:lib\features\profile_view_home\presentation\providers\profile_provider.dart
DA:22,3
DA:32,4
DA:33,2
DA:34,2
DA:35,3
DA:38,2
DA:39,2
DA:40,2
DA:41,2
DA:44,6
DA:45,2
DA:46,2
DA:48,2
DA:49,1
DA:50,1
DA:55,1
DA:56,1
DA:57,1
DA:58,1
DA:64,4
DA:65,3
DA:67,2
DA:68,1
DA:69,1
DA:71,2
DA:72,1
DA:78,2
DA:80,2
DA:81,2
DA:83,4
DA:84,2
DA:86,2
DA:87,2
DA:88,2
DA:90,2
DA:91,1
DA:92,1
DA:98,1
DA:100,2
DA:101,1
DA:102,1
DA:104,2
DA:105,1
DA:111,1
DA:112,2
DA:113,1
DA:114,1
DA:117,2
DA:118,1
LF:49
LH:49
end_of_record
SF:lib\features\profile_view_home\presentation\pages\data_sync_page.dart
DA:9,4
DA:11,0
DA:12,0
DA:18,0
DA:20,0
DA:21,0
DA:24,0
DA:25,0
DA:26,0
DA:27,0
DA:31,0
DA:32,0
DA:33,0
DA:36,0
DA:37,0
DA:38,0
DA:39,0
DA:40,0
DA:41,0
DA:42,0
DA:43,0
DA:44,0
DA:45,0
DA:47,0
DA:48,0
DA:49,0
DA:50,0
DA:52,0
DA:55,0
DA:62,0
DA:63,0
DA:64,0
DA:65,0
DA:66,0
DA:67,0
DA:68,0
DA:69,0
DA:70,0
DA:71,0
DA:73,0
DA:74,0
DA:75,0
DA:76,0
DA:78,0
DA:81,0
DA:85,0
DA:92,0
DA:94,0
DA:95,0
DA:96,0
DA:97,0
DA:101,0
DA:103,0
DA:105,0
DA:108,0
DA:109,0
DA:110,0
DA:112,0
DA:113,0
DA:114,0
DA:115,0
DA:116,0
DA:117,0
DA:119,0
DA:126,0
DA:127,0
DA:128,0
DA:130,0
DA:131,0
DA:132,0
DA:138,0
DA:139,0
DA:140,0
DA:142,0
DA:143,0
DA:144,0
DA:155,0
DA:156,0
DA:157,0
DA:158,0
DA:159,0
DA:160,0
DA:161,0
DA:162,0
DA:168,0
DA:172,0
DA:179,0
DA:180,0
DA:182,0
DA:185,0
DA:188,0
DA:190,0
DA:192,0
DA:201,0
DA:207,0
DA:208,0
DA:210,0
DA:213,0
DA:217,0
DA:219,0
DA:221,0
DA:225,0
DA:228,0
LF:103
LH:1
end_of_record
SF:lib\features\profile_view_home\presentation\pages\edit_profile_page.dart
DA:15,0
DA:17,0
DA:18,0
DA:35,0
DA:37,0
DA:38,0
DA:41,0
DA:42,0
DA:44,0
DA:45,0
DA:47,0
DA:48,0
DA:50,0
DA:51,0
DA:53,0
DA:54,0
DA:56,0
DA:57,0
DA:60,0
DA:61,0
DA:64,0
DA:66,0
DA:67,0
DA:68,0
DA:69,0
DA:70,0
DA:71,0
DA:74,0
DA:75,0
DA:79,0
DA:83,0
DA:84,0
DA:85,0
DA:86,0
DA:87,0
DA:88,0
DA:89,0
DA:90,0
DA:91,0
DA:92,0
DA:93,0
DA:94,0
DA:97,0
DA:99,0
DA:101,0
DA:102,0
DA:103,0
DA:105,0
DA:107,0
DA:108,0
DA:109,0
DA:110,0
DA:115,0
DA:118,0
DA:119,0
DA:122,0
DA:123,0
DA:124,0
DA:127,0
DA:128,0
DA:129,0
DA:130,0
DA:133,0
DA:134,0
DA:136,0
DA:137,0
DA:138,0
DA:139,0
DA:145,0
DA:146,0
DA:149,0
DA:150,0
DA:157,0
DA:159,0
DA:160,0
DA:161,0
DA:163,0
DA:167,0
DA:168,0
DA:170,0
DA:171,0
DA:172,0
DA:175,0
DA:176,0
DA:177,0
DA:179,0
DA:187,0
DA:188,0
DA:189,0
DA:193,0
DA:194,0
DA:195,0
DA:197,0
DA:199,0
DA:201,0
DA:202,0
DA:203,0
DA:211,0
DA:212,0
DA:214,0
DA:215,0
DA:216,0
DA:217,0
DA:219,0
DA:221,0
DA:222,0
DA:223,0
DA:224,0
DA:230,0
DA:231,0
DA:233,0
DA:235,0
DA:236,0
DA:237,0
DA:238,0
DA:248,0
DA:249,0
DA:251,0
DA:252,0
DA:253,0
DA:257,0
DA:258,0
DA:259,0
DA:261,0
DA:262,0
DA:263,0
DA:265,0
DA:274,0
DA:275,0
DA:276,0
DA:280,0
DA:281,0
DA:282,0
DA:284,0
DA:285,0
DA:286,0
DA:288,0
DA:297,0
DA:298,0
DA:299,0
DA:303,0
DA:304,0
DA:305,0
DA:307,0
DA:308,0
DA:309,0
DA:311,0
DA:320,0
DA:321,0
DA:323,0
DA:324,0
DA:326,0
DA:327,0
DA:328,0
DA:329,0
DA:341,0
DA:342,0
[...]
DA:125,0
DA:134,2
DA:135,2
DA:137,2
DA:138,2
DA:141,2
DA:142,2
DA:145,2
DA:147,1
DA:148,2
DA:149,4
DA:150,2
DA:169,1
DA:170,1
DA:172,4
DA:173,2
DA:175,1
DA:176,1
DA:177,1
DA:178,2
LF:72
LH:71
end_of_record
SF:lib\view\on_boarding\user_information\target_days_selector.dart
DA:15,4
DA:19,2
DA:21,2
DA:22,4
DA:23,2
DA:24,2
DA:25,2
DA:27,2
DA:28,2
DA:30,2
DA:31,0
DA:32,2
DA:34,1
DA:35,1
DA:37,1
DA:38,1
DA:40,1
DA:41,1
DA:55,0
DA:59,0
DA:61,0
DA:62,0
DA:64,0
DA:66,0
DA:69,0
DA:70,0
DA:72,0
DA:75,0
DA:76,0
DA:77,0
DA:87,2
DA:95,2
DA:97,2
DA:98,2
DA:102,2
DA:104,2
DA:106,2
DA:108,2
DA:117,2
DA:118,4
DA:119,2
DA:126,2
DA:127,2
DA:128,4
DA:129,4
DA:130,0
DA:131,0
DA:132,2
DA:138,2
DA:139,2
DA:140,2
DA:141,2
DA:142,2
DA:143,2
DA:144,2
DA:147,2
DA:148,2
DA:149,2
DA:150,2
DA:153,2
DA:154,2
DA:156,2
DA:157,2
DA:158,2
DA:159,0
DA:160,2
DA:168,4
DA:177,2
DA:187,2
DA:189,2
DA:192,6
DA:193,4
DA:194,2
DA:195,3
DA:196,2
DA:197,2
DA:199,2
DA:201,2
DA:202,2
DA:208,2
DA:209,4
DA:210,2
DA:218,2
DA:224,2
DA:228,2
DA:230,2
DA:231,2
DA:232,2
DA:235,2
DA:237,2
DA:245,2
DA:250,2
DA:252,2
DA:253,2
DA:254,0
DA:260,2
DA:261,2
DA:263,2
DA:264,2
DA:267,2
DA:268,2
DA:271,3
DA:272,2
DA:273,4
DA:274,2
LF:105
LH:88
end_of_record
SF:lib\widget\daily_activities\activity_option_card.dart
DA:11,3
DA:20,3
DA:22,3
DA:23,3
DA:24,3
DA:25,3
DA:26,3
DA:27,3
DA:30,3
DA:32,3
DA:33,3
DA:34,2
DA:44,3
DA:45,3
DA:46,3
DA:47,3
DA:49,3
DA:50,3
DA:51,3
DA:52,3
DA:56,3
DA:57,3
DA:58,3
DA:63,3
DA:64,6
DA:77,3
DA:80,3
DA:82,3
DA:84,6
DA:89,3
DA:90,2
DA:93,2
LF:32
LH:32
end_of_record
SF:lib\view\on_boarding\user_information\gender_selector.dart
DA:9,4
DA:11,2
DA:12,2
DA:21,2
DA:22,2
DA:23,2
DA:24,2
DA:26,2
DA:28,2
DA:29,4
DA:30,4
DA:33,2
DA:35,2
DA:36,2
DA:37,2
DA:38,2
DA:39,2
DA:41,2
DA:44,4
DA:46,2
DA:49,4
DA:51,2
DA:53,2
DA:55,2
DA:62,2
DA:63,4
DA:64,2
DA:71,2
DA:72,4
DA:74,2
DA:77,2
DA:81,2
DA:82,4
DA:84,4
DA:85,0
DA:86,2
DA:87,2
DA:88,2
DA:91,2
DA:92,4
DA:94,4
DA:95,4
DA:96,2
DA:97,2
DA:98,2
DA:101,2
DA:102,2
DA:103,2
DA:106,2
DA:107,2
DA:108,2
DA:109,2
DA:110,2
DA:111,2
DA:116,2
DA:117,2
DA:121,2
DA:123,2
DA:124,2
DA:125,0
DA:134,2
DA:135,2
DA:137,2
DA:138,2
DA:139,2
DA:141,2
DA:142,2
DA:145,1
DA:147,2
DA:148,2
DA:152,2
DA:153,1
DA:155,1
DA:156,1
DA:157,2
DA:162,2
DA:163,4
DA:165,2
DA:196,2
DA:206,2
DA:208,2
DA:209,2
DA:210,2
DA:211,2
DA:213,2
DA:214,2
DA:215,4
DA:216,2
DA:217,2
DA:224,2
DA:226,2
DA:229,2
DA:230,8
DA:231,2
DA:232,2
DA:233,2
DA:234,4
DA:235,2
DA:240,2
DA:241,2
DA:242,2
DA:243,2
DA:244,2
DA:245,2
DA:252,2
DA:254,2
DA:255,2
DA:257,2
DA:263,2
DA:264,2
DA:265,2
DA:266,2
DA:272,2
DA:273,2
DA:280,2
DA:283,2
DA:285,2
DA:286,2
DA:288,2
DA:289,2
DA:292,2
DA:293,2
DA:295,2
DA:296,2
DA:297,2
DA:324,2
DA:325,2
DA:328,2
DA:331,2
DA:332,2
DA:333,2
LF:131
LH:129
end_of_record
SF:lib\view\on_boarding\user_information\goal_weight_selector.dart
DA:20,2
DA:27,2
DA:28,2
DA:32,2
DA:34,2
DA:35,2
DA:36,2
DA:48,2
DA:50,2
DA:51,8
DA:52,6
DA:53,8
DA:54,8
DA:55,2
DA:58,2
DA:59,4
DA:60,4
DA:61,4
DA:65,2
DA:67,4
DA:68,2
DA:71,2
DA:73,2
DA:74,4
DA:75,2
DA:76,6
DA:77,2
DA:79,2
DA:80,2
DA:81,2
DA:82,2
DA:83,4
DA:84,2
DA:86,2
DA:87,4
DA:89,2
DA:90,4
DA:95,4
DA:97,2
DA:98,4
DA:99,2
DA:100,2
DA:102,2
DA:105,4
DA:106,2
DA:107,4
DA:109,2
DA:110,2
DA:112,2
DA:115,4
DA:116,2
DA:117,2
DA:118,2
DA:119,0
DA:120,0
DA:121,0
DA:122,0
DA:123,0
DA:124,0
DA:125,0
DA:130,4
DA:131,2
DA:132,2
DA:134,2
DA:137,4
DA:138,2
DA:139,2
DA:141,2
DA:142,2
DA:147,2
DA:148,2
DA:150,2
DA:152,2
DA:154,2
DA:155,2
DA:156,2
DA:158,2
DA:159,2
DA:160,2
DA:161,2
DA:166,2
DA:167,4
DA:170,2
DA:171,4
DA:174,2
DA:175,4
DA:176,4
DA:179,0
DA:180,0
DA:182,0
DA:183,0
DA:184,0
DA:190,4
DA:191,2
DA:194,2
DA:195,2
DA:196,2
DA:197,0
DA:198,0
DA:199,0
DA:200,0
DA:201,0
DA:202,0
DA:205,4
DA:206,2
DA:208,2
DA:209,2
DA:210,2
DA:213,2
DA:215,2
DA:216,2
DA:217,2
DA:218,2
DA:223,2
DA:224,2
DA:228,2
DA:230,2
DA:231,2
DA:232,0
DA:241,2
DA:242,2
DA:244,2
DA:245,2
DA:246,2
DA:248,2
DA:249,2
DA:252,1
DA:253,2
DA:255,0
DA:256,0
DA:257,0
DA:258,0
DA:261,2
DA:262,3
DA:263,1
DA:266,2
DA:267,2
DA:268,1
DA:269,1
DA:274,2
DA:275,4
DA:276,2
DA:287,4
LF:143
LH:120
end_of_record
SF:lib\widget\weight\unit_toggle.dart
DA:8,4
DA:10,4
DA:14,4
DA:20,4
DA:22,4
DA:24,4
DA:26,4
DA:28,4
DA:29,4
DA:31,4
DA:36,3
DA:39,4
DA:41,4
DA:46,6
DA:53,4
DA:62,4
DA:63,4
DA:65,4
DA:68,4
DA:70,4
DA:72,4
DA:74,4
LF:22
LH:22
end_of_record
SF:lib\widget\weight\weight_display.dart
DA:7,3
DA:9,4
DA:11,4
DA:12,4
DA:13,4
DA:14,4
DA:15,4
DA:23,4
DA:24,4
DA:25,4
LF:10
LH:10
end_of_record
SF:lib\widget\weight\weight_ruler.dart
DA:12,4
DA:22,4
DA:24,4
DA:25,4
DA:26,4
DA:27,8
DA:29,4
DA:31,4
DA:32,8
DA:35,4
DA:36,4
DA:37,4
DA:38,20
DA:39,16
DA:40,4
DA:43,4
DA:45,4
DA:46,16
DA:59,4
DA:65,4
DA:68,4
DA:69,4
DA:70,4
DA:71,4
DA:72,12
DA:73,16
DA:77,4
DA:78,4
DA:79,4
DA:80,4
DA:81,4
DA:82,4
DA:83,4
DA:84,4
DA:85,4
DA:87,16
DA:89,8
DA:90,36
DA:91,8
DA:92,8
DA:93,8
DA:101,4
DA:107,4
DA:108,12
DA:109,8
DA:115,8
DA:116,4
DA:117,4
DA:118,3
DA:119,4
DA:120,4
DA:130,4
DA:131,20
DA:136,4
LF:54
LH:54
end_of_record
SF:lib\widget\weight\weight_responsive_design.dart
DA:8,5
DA:11,5
DA:12,10
DA:13,15
DA:17,5
DA:18,10
DA:19,5
DA:20,5
DA:24,30
DA:25,30
DA:26,30
LF:11
LH:11
end_of_record
SF:lib\widget\weight\bmi_card.dart
DA:9,3
DA:11,4
DA:12,4
DA:13,4
DA:14,4
DA:15,0
DA:19,4
DA:21,4
DA:22,8
DA:23,4
DA:24,4
DA:26,4
DA:28,8
DA:29,4
DA:31,8
DA:32,4
DA:33,4
DA:34,4
DA:39,8
DA:41,4
DA:43,4
DA:44,4
DA:45,4
DA:46,4
DA:47,4
DA:49,4
DA:50,4
DA:51,8
DA:53,4
DA:54,16
DA:55,4
DA:56,4
DA:62,8
DA:63,4
DA:64,4
DA:67,4
DA:68,4
DA:69,4
DA:70,4
DA:72,4
DA:73,4
DA:78,8
DA:79,4
DA:81,4
DA:82,4
DA:86,8
DA:87,4
DA:88,4
DA:89,4
DA:90,4
LF:50
LH:49
end_of_record
SF:lib\widget\health\health_background.dart
DA:6,2
DA:8,3
DA:10,3
DA:11,3
DA:14,3
DA:21,4
DA:23,3
DA:25,3
DA:26,3
DA:27,3
DA:29,3
DA:44,3
DA:47,3
DA:48,3
DA:49,3
DA:56,3
DA:59,3
DA:61,3
DA:68,3
DA:71,3
DA:72,3
DA:73,3
DA:80,3
DA:83,3
LF:24
LH:24
end_of_record
SF:lib\widget\health\health_header.dart
DA:9,2
DA:15,3
DA:17,3
DA:18,3
DA:19,3
DA:20,3
DA:22,3
DA:23,3
DA:24,3
DA:25,6
DA:29,3
DA:41,3
DA:43,3
DA:44,3
DA:45,6
LF:15
LH:15
end_of_record
SF:lib\widget\health\allergy_selection_card.dart
DA:11,3
DA:17,3
DA:18,3
DA:28,3
DA:30,3
DA:31,6
DA:32,6
DA:33,3
DA:34,3
DA:35,3
DA:36,3
DA:37,3
DA:38,3
DA:39,3
DA:40,3
DA:41,3
DA:42,3
DA:43,3
DA:44,3
DA:45,3
DA:46,3
DA:47,3
DA:48,3
DA:49,3
DA:50,3
DA:51,3
DA:52,3
DA:53,3
DA:54,3
DA:55,3
DA:56,3
DA:57,3
DA:58,3
DA:59,3
DA:60,3
DA:61,3
DA:62,3
DA:63,3
DA:64,3
DA:65,3
DA:66,3
DA:67,3
DA:68,3
DA:69,3
DA:70,3
DA:71,3
DA:73,12
DA:74,6
DA:75,6
DA:76,12
DA:80,2
DA:82,4
DA:83,4
DA:86,2
DA:87,2
DA:89,0
DA:94,3
DA:96,6
DA:97,6
DA:98,3
DA:101,2
DA:102,4
DA:103,2
DA:105,6
DA:106,0
DA:110,5
DA:112,8
DA:113,6
DA:115,4
DA:118,2
DA:119,6
DA:120,2
DA:121,6
DA:124,3
DA:126,3
DA:127,3
DA:129,3
DA:130,3
DA:131,3
DA:132,3
DA:139,3
DA:141,3
DA:143,3
DA:144,3
DA:145,3
DA:147,3
DA:149,3
DA:160,3
DA:161,3
DA:162,6
DA:163,6
DA:172,3
DA:173,6
DA:174,3
DA:179,3
DA:181,3
DA:182,3
DA:183,3
DA:184,3
DA:185,3
DA:186,3
DA:187,3
DA:188,2
DA:189,4
DA:192,2
DA:193,2
DA:194,2
DA:195,4
DA:196,8
DA:197,6
DA:199,0
DA:200,0
DA:201,0
DA:202,0
DA:206,2
DA:211,2
DA:213,2
DA:215,2
DA:217,2
DA:218,2
DA:222,2
DA:223,2
DA:226,2
DA:227,0
DA:233,2
DA:235,2
DA:236,2
DA:237,0
DA:238,2
DA:244,2
DA:245,2
DA:246,2
DA:247,2
DA:253,2
DA:266,3
DA:272,3
DA:273,3
DA:275,3
DA:276,3
DA:280,3
DA:283,3
DA:284,3
DA:285,3
DA:296,0
DA:305,3
DA:306,3
DA:310,3
DA:311,3
DA:312,3
DA:313,3
DA:319,3
DA:321,3
DA:322,8
DA:323,3
DA:324,3
DA:329,3
DA:330,9
DA:345,9
DA:346,3
DA:347,3
DA:348,3
DA:349,3
DA:352,3
DA:355,3
DA:356,6
DA:357,6
DA:363,2
DA:366,8
DA:367,2
DA:372,2
DA:374,2
DA:375,4
DA:377,2
DA:379,2
DA:380,2
DA:381,4
DA:382,2
DA:383,2
DA:388,2
DA:389,4
DA:390,2
DA:393,2
DA:399,2
LF:183
LH:174
end_of_record
SF:lib\widget\health\health_navigation_bar.dart
DA:8,3
DA:14,3
DA:16,3
DA:17,3
DA:19,3
DA:22,3
DA:25,3
DA:26,3
DA:27,3
DA:33,3
DA:35,3
DA:37,3
DA:45,3
DA:46,3
DA:48,3
DA:52,3
DA:53,3
DA:54,3
DA:55,3
DA:61,3
DA:63,3
DA:64,3
DA:65,3
DA:66,3
DA:67,3
DA:69,3
DA:70,3
DA:71,6
LF:28
LH:28
end_of_record
SF:lib\view\on_boarding\user_information\height_selector.dart
DA:15,5
DA:22,2
DA:23,2
DA:27,2
DA:28,2
DA:34,2
DA:36,2
DA:37,6
DA:40,2
DA:42,2
DA:44,2
DA:45,2
DA:47,2
DA:49,2
DA:58,2
DA:59,4
DA:61,2
DA:64,2
DA:69,2
DA:70,2
DA:71,2
DA:72,0
DA:73,0
DA:74,0
DA:77,0
DA:84,2
DA:85,2
DA:86,2
DA:89,2
DA:91,2
DA:92,2
DA:93,2
DA:94,2
DA:99,2
DA:100,2
DA:104,2
DA:106,2
DA:107,2
DA:108,0
DA:117,2
DA:118,2
DA:120,2
DA:121,2
DA:122,2
DA:124,2
DA:125,2
DA:128,1
DA:129,2
DA:131,0
DA:132,0
DA:135,2
DA:136,1
DA:139,1
DA:140,1
DA:141,1
DA:143,1
DA:144,1
DA:149,2
DA:150,4
DA:151,2
LF:60
LH:53
end_of_record
SF:lib\widget\height\height_selector_widget.dart
DA:12,3
DA:19,3
DA:20,3
DA:31,3
DA:33,3
DA:34,9
DA:35,6
DA:36,9
DA:38,12
DA:39,6
DA:40,12
DA:41,12
DA:44,3
DA:46,6
DA:47,6
DA:48,6
DA:49,6
DA:50,3
DA:53,1
DA:54,2
DA:55,2
DA:56,4
DA:58,4
DA:59,2
DA:60,4
DA:61,4
DA:65,1
DA:66,2
DA:67,2
DA:68,4
DA:70,4
DA:71,2
DA:72,4
DA:73,4
DA:77,3
DA:80,3
DA:81,3
DA:87,3
DA:93,3
DA:99,3
DA:105,3
DA:111,3
DA:118,3
DA:119,3
DA:121,3
DA:122,3
DA:123,3
DA:125,3
DA:127,3
DA:129,3
DA:130,3
DA:131,3
DA:132,3
DA:135,3
DA:136,3
DA:139,3
DA:140,3
DA:142,3
DA:143,3
DA:152,3
DA:154,3
DA:156,3
DA:158,3
DA:159,3
DA:161,3
DA:162,3
DA:167,3
DA:174,3
DA:175,3
DA:178,1
DA:179,1
DA:180,1
DA:183,1
DA:184,2
DA:185,1
DA:186,4
DA:187,2
DA:188,1
DA:189,1
DA:190,2
DA:196,1
DA:198,1
DA:199,1
DA:201,1
DA:202,1
DA:205,1
DA:212,1
DA:213,1
DA:216,0
DA:218,0
DA:220,0
DA:221,0
DA:223,0
DA:225,0
DA:226,0
DA:227,0
DA:228,0
DA:229,0
DA:230,0
DA:231,0
DA:232,0
DA:238,1
DA:240,1
DA:241,1
DA:244,1
DA:251,1
DA:252,1
DA:255,1
DA:257,3
DA:259,3
DA:260,1
DA:262,1
DA:264,1
DA:265,2
DA:266,1
DA:267,4
DA:268,2
DA:269,1
DA:270,1
DA:271,2
DA:278,3
DA:280,3
DA:281,6
DA:282,3
DA:283,3
DA:284,3
DA:285,6
DA:286,3
DA:292,3
DA:294,3
DA:295,3
DA:296,3
DA:297,3
DA:309,1
DA:310,3
DA:311,1
DA:320,3
DA:321,3
DA:322,3
DA:323,3
DA:329,3
DA:332,3
DA:335,3
DA:336,3
DA:337,3
DA:339,3
DA:340,3
DA:341,3
DA:342,3
DA:343,4
DA:344,3
DA:345,3
DA:346,3
DA:349,3
DA:351,3
DA:352,3
DA:354,3
DA:357,3
DA:366,3
DA:367,3
DA:368,6
DA:369,3
DA:370,3
DA:371,3
DA:374,3
DA:376,3
DA:377,3
DA:379,3
DA:382,3
LF:169
LH:156
end_of_record
SF:lib\view\on_boarding\user_information\weight_selector.dart
DA:17,5
DA:19,2
DA:20,2
DA:25,2
DA:26,2
DA:27,2
DA:28,2
DA:42,2
DA:44,2
DA:45,2
DA:46,8
DA:47,6
DA:50,2
DA:51,4
DA:52,4
DA:53,4
DA:57,2
DA:59,4
DA:60,2
DA:63,2
DA:65,2
DA:66,2
DA:67,2
DA:68,2
DA:69,2
DA:70,6
DA:71,2
DA:73,2
DA:74,2
DA:75,2
DA:76,2
DA:77,4
DA:78,2
DA:80,2
DA:81,4
DA:86,4
DA:88,2
DA:89,4
DA:90,2
DA:91,2
DA:93,2
DA:96,4
DA:97,2
DA:98,4
DA:100,2
DA:101,2
DA:103,2
DA:106,4
DA:108,2
DA:109,2
DA:110,2
DA:111,1
DA:112,2
DA:113,1
DA:114,1
DA:115,0
DA:116,2
DA:117,3
DA:122,4
DA:124,2
DA:125,2
DA:127,2
DA:130,4
DA:132,2
DA:133,2
DA:135,2
DA:136,2
DA:141,2
DA:142,2
DA:144,2
DA:146,2
DA:148,2
DA:149,2
DA:150,2
DA:152,2
DA:153,2
DA:154,2
DA:155,2
DA:160,2
DA:161,4
DA:164,2
DA:165,4
DA:168,2
DA:169,4
DA:170,4
DA:173,0
DA:174,0
DA:176,0
DA:177,0
DA:179,0
DA:180,0
DA:186,4
DA:188,2
DA:191,2
DA:192,2
DA:193,2
DA:194,0
DA:195,0
DA:196,0
DA:197,0
DA:198,0
DA:199,0
DA:202,4
DA:204,2
DA:207,2
DA:208,2
DA:209,2
DA:212,2
DA:214,2
DA:215,2
DA:216,2
DA:217,2
DA:222,2
DA:223,2
DA:227,2
DA:229,2
DA:230,2
DA:231,0
DA:240,2
DA:241,2
DA:243,2
DA:244,2
DA:245,2
DA:247,2
DA:248,2
DA:251,1
DA:252,2
DA:254,0
DA:255,0
DA:258,3
DA:260,2
DA:261,2
DA:262,1
DA:263,2
DA:264,2
DA:270,2
DA:271,4
DA:272,2
DA:283,4
LF:139
LH:123
end_of_record
SF:lib\view\on_boarding\user_information\interface_confirmation.dart
DA:25,1
DA:37,1
DA:38,1
DA:48,1
DA:50,1
DA:52,1
DA:53,4
DA:56,1
DA:58,1
DA:59,2
DA:62,0
DA:63,0
DA:64,0
DA:65,0
DA:66,0
DA:71,1
DA:72,1
DA:73,1
DA:76,1
DA:77,2
DA:80,1
DA:81,2
DA:84,1
DA:85,1
DA:86,2
DA:87,2
DA:90,2
DA:91,1
DA:92,0
DA:95,1
DA:96,1
DA:98,0
DA:102,1
DA:103,2
DA:105,1
DA:107,1
DA:108,1
DA:109,1
DA:110,2
DA:111,0
DA:116,1
DA:118,1
DA:119,0
DA:126,1
DA:127,1
DA:130,1
DA:132,1
DA:133,1
DA:134,1
DA:135,1
DA:137,1
DA:138,1
DA:140,1
DA:142,1
DA:143,1
DA:145,1
DA:147,1
DA:154,1
DA:159,1
DA:160,1
DA:162,1
DA:164,1
DA:165,1
DA:166,4
DA:177,1
DA:179,1
DA:180,1
DA:181,2
DA:183,1
DA:185,1
DA:188,1
DA:193,1
DA:194,2
DA:196,1
DA:198,1
DA:201,4
DA:210,1
DA:211,1
DA:212,1
DA:214,1
DA:215,1
DA:225,1
DA:226,2
DA:227,2
DA:229,1
DA:231,1
DA:232,3
DA:233,1
DA:234,1
DA:235,4
DA:239,1
DA:241,1
DA:242,1
DA:243,1
DA:244,1
DA:246,1
DA:249,1
DA:254,1
DA:255,1
DA:256,1
DA:258,1
DA:261,4
DA:265,2
DA:267,1
DA:269,1
DA:275,1
DA:279,1
DA:284,1
DA:285,1
DA:286,1
DA:287,1
DA:289,1
DA:292,4
DA:302,1
DA:303,1
DA:304,1
DA:305,1
DA:314,1
DA:319,1
DA:320,1
DA:321,1
DA:323,2
DA:331,1
DA:333,3
DA:336,1
DA:340,1
DA:344,1
DA:345,1
DA:347,1
DA:348,1
DA:349,1
DA:351,1
DA:352,1
DA:355,1
DA:356,1
DA:357,3
DA:358,1
DA:360,1
DA:372,1
DA:373,1
DA:375,1
DA:376,1
DA:377,1
DA:379,1
DA:380,1
DA:383,1
DA:385,1
DA:386,1
DA:388,0
DA:394,2
DA:395,3
DA:397,0
DA:400,1
DA:401,3
DA:403,1
DA:404,1
DA:405,1
DA:406,2
DA:407,0
DA:408,0
DA:412,1
DA:415,0
DA:416,0
DA:419,0
DA:420,0
DA:421,0
DA:422,0
DA:423,0
DA:424,0
DA:428,0
DA:432,1
DA:433,3
DA:434,1
DA:436,1
DA:448,1
DA:449,1
DA:452,1
DA:453,1
DA:454,1
DA:462,1
DA:467,1
DA:469,1
DA:470,1
DA:471,0
LF:184
LH:161
end_of_record
SF:lib\view\on_boarding\user_information\nutrition_summary.dart
DA:16,4
DA:18,2
DA:19,2
DA:31,2
DA:33,2
DA:34,2
DA:37,2
DA:39,4
DA:40,4
DA:42,4
DA:45,2
DA:46,4
DA:47,1
DA:52,4
DA:53,2
DA:54,2
DA:55,2
DA:56,2
DA:57,2
DA:58,2
DA:61,2
DA:62,4
DA:64,4
DA:65,2
DA:68,0
DA:69,0
DA:70,0
DA:75,2
DA:77,2
DA:79,2
DA:80,2
DA:82,2
DA:83,1
DA:84,2
DA:89,1
DA:90,1
DA:91,1
DA:93,1
DA:95,1
DA:98,1
DA:99,1
DA:101,1
DA:104,1
DA:105,0
DA:106,4
DA:114,2
DA:115,2
DA:116,2
DA:117,2
DA:118,2
DA:119,2
DA:121,2
DA:123,2
DA:124,6
DA:126,4
DA:128,5
DA:129,2
DA:132,4
DA:137,2
DA:142,2
DA:143,2
DA:155,2
DA:156,2
DA:157,2
DA:160,2
DA:162,2
DA:171,2
DA:172,2
DA:173,6
DA:174,2
DA:186,2
DA:187,2
DA:199,2
DA:200,2
DA:201,2
DA:204,2
DA:206,2
DA:207,2
DA:212,2
DA:214,2
DA:215,2
DA:216,0
DA:222,2
DA:223,2
DA:225,2
DA:226,2
DA:227,4
DA:231,2
DA:232,2
DA:235,0
DA:236,0
DA:237,0
DA:241,0
DA:244,0
DA:247,0
DA:248,0
DA:249,0
DA:250,0
DA:251,0
DA:252,0
DA:260,0
DA:261,0
DA:262,0
DA:263,0
DA:264,0
DA:265,0
DA:266,0
DA:272,2
DA:273,4
DA:274,3
DA:275,3
DA:276,2
LF:112
LH:89
end_of_record
SF:lib\widget\nutrition_summary\goal_card.dart
DA:7,3
DA:16,3
DA:18,3
DA:20,3
DA:22,3
DA:31,3
DA:33,3
DA:34,3
DA:35,3
DA:36,3
DA:37,6
DA:44,3
DA:45,6
DA:46,3
DA:55,3
DA:56,6
DA:57,12
DA:59,3
DA:60,6
DA:61,12
DA:63,3
DA:64,6
DA:65,12
DA:68,3
DA:69,6
DA:70,6
DA:71,12
DA:78,3
DA:79,3
DA:81,3
DA:83,3
DA:84,3
DA:85,3
DA:87,3
DA:94,3
DA:96,3
LF:36
LH:36
end_of_record
SF:lib\widget\nutrition_summary\nutrition_card.dart
DA:7,3
DA:14,3
DA:16,3
DA:18,3
DA:20,3
DA:29,3
DA:31,3
DA:32,3
DA:33,3
DA:40,3
DA:41,6
DA:42,3
DA:51,3
DA:53,3
DA:54,12
DA:56,3
DA:58,3
DA:59,12
DA:62,3
DA:63,6
DA:64,3
DA:65,12
DA:68,3
DA:69,6
DA:70,6
DA:71,21
DA:78,3
DA:79,3
DA:81,3
DA:83,3
DA:84,3
DA:85,3
DA:87,3
DA:94,3
DA:96,3
LF:35
LH:35
end_of_record
SF:lib\widget\nutrition_summary\warning_card.dart
DA:7,2
DA:14,2
DA:16,2
DA:18,2
DA:20,2
DA:21,2
DA:23,2
DA:25,2
DA:26,2
DA:27,2
DA:34,2
DA:35,6
DA:36,2
DA:45,2
DA:46,4
DA:47,2
LF:16
LH:16
end_of_record
SF:lib\widget\nutrition_summary\recommendation_card.dart
DA:8,3
DA:15,3
DA:17,3
DA:18,3
DA:21,3
DA:23,3
DA:25,3
DA:26,3
DA:28,3
DA:30,3
DA:31,3
DA:32,3
DA:39,3
DA:40,6
DA:41,3
DA:50,3
DA:51,6
DA:52,6
DA:53,3
LF:19
LH:19
end_of_record
SF:lib\widget\target_days\days_slider_card.dart
DA:6,3
DA:21,3
DA:23,3
DA:25,3
DA:27,3
DA:36,3
DA:37,3
DA:38,3
DA:39,9
DA:40,3
DA:47,3
DA:48,3
DA:49,12
DA:50,3
DA:56,3
DA:57,6
DA:58,6
DA:59,6
DA:60,3
DA:62,4
LF:20
LH:20
end_of_record
SF:lib\widget\target_days\nutrition_info_card.dart
DA:8,3
DA:15,3
DA:17,3
DA:19,3
DA:21,3
DA:30,3
DA:32,3
DA:33,3
DA:34,6
DA:35,3
DA:42,3
DA:43,6
DA:44,3
DA:45,12
DA:47,3
DA:48,6
DA:49,3
DA:50,12
DA:53,3
DA:54,6
DA:55,3
DA:56,12
DA:59,3
DA:60,6
DA:61,6
DA:62,9
DA:65,3
DA:66,6
DA:68,27
DA:77,3
DA:87,3
DA:89,3
DA:91,3
DA:93,3
DA:94,3
DA:95,3
DA:96,3
DA:101,3
DA:102,3
DA:103,3
DA:104,3
DA:105,3
DA:106,3
LF:43
LH:43
end_of_record
SF:lib\widget\target_days\warning_card.dart
DA:6,2
DA:15,3
DA:17,3
DA:19,3
DA:21,3
DA:22,3
DA:24,3
DA:26,3
DA:33,3
DA:34,3
DA:36,3
DA:37,3
DA:38,6
DA:39,3
DA:46,3
DA:47,3
DA:48,3
DA:54,3
DA:55,3
DA:56,6
DA:57,3
LF:21
LH:21
end_of_record
SF:lib\widget\height\height_responsive_devices.dart
DA:14,4
DA:19,8
DA:20,4
DA:21,4
DA:25,4
DA:30,8
DA:31,4
DA:32,4
DA:36,4
DA:41,4
DA:42,4
DA:43,8
DA:44,4
DA:48,4
DA:54,4
DA:55,4
DA:57,3
DA:63,4
DA:69,4
DA:70,12
DA:74,4
DA:80,4
DA:81,12
DA:87,0
DA:88,0
DA:89,0
DA:90,0
LF:27
LH:23
end_of_record
SF:lib\widget\height\height_scale_painter.dart
DA:10,4
DA:18,4
DA:21,4
DA:22,8
DA:23,4
DA:24,4
DA:25,8
DA:26,4
DA:27,4
DA:28,8
DA:29,4
DA:31,4
DA:32,4
DA:34,4
DA:35,4
DA:36,4
DA:37,4
DA:38,4
DA:39,4
DA:42,4
DA:43,4
DA:44,4
DA:45,8
DA:46,8
DA:47,4
DA:49,8
DA:50,20
DA:51,8
DA:53,12
DA:55,4
DA:56,4
DA:57,8
DA:66,4
DA:67,20
DA:69,12
DA:74,4
DA:75,4
DA:77,6
DA:78,4
DA:79,4
DA:81,4
DA:82,10
DA:84,4
DA:85,4
DA:88,6
DA:89,2
DA:90,2
DA:91,2
DA:100,2
DA:101,10
DA:103,6
DA:105,6
DA:112,12
DA:113,12
DA:114,12
DA:116,8
DA:117,8
DA:118,8
DA:119,4
DA:122,4
DA:123,4
DA:124,8
DA:127,4
DA:128,4
DA:129,8
DA:134,1
LF:66
LH:66
end_of_record
SF:lib\database\firebase_options.dart
DA:18,0
DA:22,0
DA:23,0
DA:25,0
DA:27,0
DA:29,0
DA:31,0
DA:32,0
DA:37,0
LF:9
LH:0
end_of_record
SF:lib\themes\dark_theme.dart
DA:5,1
DA:6,1
DA:38,1
DA:44,1
DA:120,1
DA:121,1
DA:126,1
DA:127,1
DA:137,1
DA:138,1
LF:10
LH:10
end_of_record
SF:lib\themes\light_theme.dart
DA:5,1
DA:6,1
DA:38,1
DA:41,1
DA:42,1
DA:44,1
DA:97,1
DA:100,1
DA:101,1
DA:104,1
DA:105,1
DA:108,1
DA:109,1
DA:112,1
DA:113,1
DA:120,1
DA:121,1
DA:126,1
DA:127,1
DA:137,1
DA:138,1
LF:21
LH:21
end_of_record
SF:lib\utils\nutrition_utils.dart
DA:7,1
DA:8,1
DA:12,1
DA:14,2
DA:15,2
DA:16,1
DA:23,1
DA:24,2
DA:28,1
DA:29,2
DA:33,1
DA:34,1
DA:35,1
DA:36,1
DA:37,2
DA:38,1
DA:39,1
DA:40,2
DA:41,1
DA:43,2
DA:44,1
DA:49,1
DA:50,1
DA:51,1
DA:52,1
DA:53,1
DA:54,1
DA:58,1
DA:59,1
DA:60,1
DA:61,1
DA:66,1
DA:67,1
DA:68,2
DA:72,1
DA:73,1
DA:75,1
DA:77,1
DA:85,1
DA:86,1
DA:89,4
DA:91,3
DA:94,3
DA:99,1
DA:100,2
DA:105,1
DA:106,1
DA:107,1
DA:111,1
DA:113,4
DA:117,1
DA:118,1
DA:119,1
DA:121,1
DA:123,1
DA:125,1
DA:133,1
DA:137,3
DA:141,1
DA:142,1
DA:143,2
DA:144,2
DA:146,1
DA:150,1
DA:151,2
DA:155,1
DA:156,1
DA:158,1
DA:166,1
DA:167,1
DA:169,1
DA:177,1
DA:178,1
DA:179,1
DA:180,1
DA:181,1
DA:182,1
DA:187,1
DA:188,1
DA:190,3
DA:192,1
DA:193,1
DA:194,1
DA:195,1
DA:198,1
DA:199,1
DA:200,1
DA:201,1
DA:208,1
DA:209,1
DA:211,1
DA:212,1
DA:213,1
DA:214,1
DA:216,1
DA:217,1
DA:218,1
LF:97
LH:97
end_of_record
SF:lib\view\splash\splash_screen.dart
DA:9,1
DA:25,1
DA:26,1
DA:36,1
DA:38,1
DA:39,2
DA:43,3
DA:44,2
DA:49,3
DA:50,1
DA:51,2
DA:52,2
DA:53,2
DA:54,1
DA:55,1
DA:56,1
DA:62,1
DA:63,1
DA:64,3
DA:66,4
DA:67,4
DA:68,1
DA:69,1
DA:70,3
DA:73,1
DA:75,2
DA:76,2
DA:77,1
DA:80,1
DA:82,1
DA:84,1
DA:86,1
DA:88,1
DA:90,1
DA:91,1
DA:92,1
DA:99,1
DA:103,1
DA:105,1
DA:107,1
DA:108,1
DA:109,1
DA:110,1
DA:112,1
DA:113,3
DA:116,1
DA:117,2
DA:122,1
DA:123,4
DA:124,3
DA:125,3
LF:51
LH:51
end_of_record
SF:lib\widget\health\add_button.dart
DA:9,1
DA:11,1
DA:13,1
DA:15,1
DA:16,1
DA:17,1
DA:21,1
DA:22,1
DA:25,1
DA:27,1
DA:30,1
DA:31,3
DA:32,2
LF:13
LH:13
end_of_record
SF:lib\widget\health\health_card_widget.dart
DA:16,1
DA:29,1
DA:31,1
DA:32,1
DA:34,1
DA:36,1
DA:37,1
DA:39,1
DA:40,2
DA:42,1
DA:43,1
DA:45,1
DA:46,1
DA:47,1
DA:48,2
DA:53,3
DA:60,1
DA:62,1
DA:63,2
DA:65,1
DA:69,2
DA:70,1
DA:73,1
DA:75,1
DA:76,1
DA:78,1
DA:80,1
DA:81,2
DA:83,1
DA:84,1
DA:85,1
DA:92,1
DA:95,1
DA:96,4
DA:97,1
DA:98,2
DA:99,1
DA:101,3
DA:113,1
DA:115,1
DA:117,1
DA:121,1
DA:123,1
DA:125,1
DA:126,2
DA:140,1
DA:142,1
DA:144,1
DA:145,3
DA:146,1
DA:147,1
LF:51
LH:51
end_of_record
SF:lib\widget\health\health_text_field.dart
DA:10,1
DA:17,1
DA:18,1
DA:24,1
DA:26,1
DA:27,1
DA:28,4
DA:29,1
DA:31,2
DA:32,1
DA:33,2
DA:34,2
DA:35,3
DA:36,1
LF:14
LH:14
end_of_record
